[ 2016-12-06T15:37:07+08:00 ] 127.0.0.1 /topstudent/index.php/personal/index/id/7
INFO: [ app_init ] --START--
INFO: Run Behavior\BuildLiteBehavior [ RunTime:0.000021s ]
INFO: [ app_init ] --END-- [ RunTime:0.000411s ]
ERR: 无法加载模块:Personal

[ 2016-12-06T15:38:24+08:00 ] 127.0.0.1 /topstudent/index.php/personal/index/id/7
INFO: [ app_init ] --START--
INFO: Run Behavior\BuildLiteBehavior [ RunTime:0.000020s ]
INFO: [ app_init ] --END-- [ RunTime:0.000488s ]
ERR: 无法加载模块:Personal

[ 2016-12-06T15:39:51+08:00 ] 127.0.0.1 /topstudent/index.php/personal/index/id/7
INFO: [ app_init ] --START--
INFO: Run Behavior\BuildLiteBehavior [ RunTime:0.000027s ]
INFO: [ app_init ] --END-- [ RunTime:0.000701s ]
ERR: 无法加载模块:Personal

[ 2016-12-06T15:39:53+08:00 ] 127.0.0.1 /topstudent/index.php/personal/index/id/7
INFO: [ app_init ] --START--
INFO: Run Behavior\BuildLiteBehavior [ RunTime:0.000017s ]
INFO: [ app_init ] --END-- [ RunTime:0.000452s ]
ERR: 无法加载模块:Personal

[ 2016-12-06T15:39:53+08:00 ] 127.0.0.1 /topstudent/index.php/personal/index/id/7
INFO: [ app_init ] --START--
INFO: Run Behavior\BuildLiteBehavior [ RunTime:0.000020s ]
INFO: [ app_init ] --END-- [ RunTime:0.000684s ]
ERR: 无法加载模块:Personal

[ 2016-12-06T15:40:36+08:00 ] 127.0.0.1 /topstudent/index.php/personal/index/id/7
INFO: [ app_init ] --START--
INFO: Run Behavior\BuildLiteBehavior [ RunTime:0.000017s ]
INFO: [ app_init ] --END-- [ RunTime:0.000469s ]
ERR: 无法加载模块:Personal

[ 2016-12-06T15:40:38+08:00 ] 127.0.0.1 /topstudent/index.php/personal/index/id/7
INFO: [ app_init ] --START--
INFO: Run Behavior\BuildLiteBehavior [ RunTime:0.000016s ]
INFO: [ app_init ] --END-- [ RunTime:0.000399s ]
ERR: 无法加载模块:Personal

[ 2016-12-06T15:40:52+08:00 ] 127.0.0.1 /topstudent/index.php/personal/index/id/7
INFO: [ app_init ] --START--
INFO: Run Behavior\BuildLiteBehavior [ RunTime:0.000017s ]
INFO: [ app_init ] --END-- [ RunTime:0.000460s ]
ERR: 无法加载模块:Personal

[ 2016-12-06T15:41:01+08:00 ] 127.0.0.1 /topstudent/index.php/personal/index/id/7
INFO: [ app_init ] --START--
INFO: Run Behavior\BuildLiteBehavior [ RunTime:0.000016s ]
INFO: [ app_init ] --END-- [ RunTime:0.000396s ]
ERR: 无法加载模块:Personal

[ 2016-12-06T15:41:04+08:00 ] 127.0.0.1 /topstudent/index.php/personal/index/id/7
INFO: [ app_init ] --START--
INFO: Run Behavior\BuildLiteBehavior [ RunTime:0.000019s ]
INFO: [ app_init ] --END-- [ RunTime:0.000457s ]
ERR: 无法加载模块:Personal

[ 2016-12-06T15:43:30+08:00 ] 127.0.0.1 /topstudent/index.php/personal/index/id/7
INFO: [ app_init ] --START--
INFO: Run Behavior\BuildLiteBehavior [ RunTime:0.000018s ]
INFO: [ app_init ] --END-- [ RunTime:0.000548s ]
ERR: 无法加载模块:Personal

[ 2016-12-06T15:43:39+08:00 ] 127.0.0.1 /topstudent/index.php/personal/index/id/7
INFO: [ app_init ] --START--
INFO: Run Behavior\BuildLiteBehavior [ RunTime:0.000017s ]
INFO: [ app_init ] --END-- [ RunTime:0.000457s ]
ERR: 无法加载模块:Personal

[ 2016-12-06T15:44:20+08:00 ] 127.0.0.1 /topstudent/index.php/personal/index/id/7
INFO: [ app_init ] --START--
INFO: Run Behavior\BuildLiteBehavior [ RunTime:0.000018s ]
INFO: [ app_init ] --END-- [ RunTime:0.000424s ]
ERR: 无法加载模块:Personal

[ 2016-12-06T15:47:33+08:00 ] 127.0.0.1 /topstudent/index.php/personal/index/id/7
INFO: [ app_init ] --START--
INFO: Run Behavior\BuildLiteBehavior [ RunTime:0.000019s ]
INFO: [ app_init ] --END-- [ RunTime:0.000492s ]
ERR: 无法加载模块:Personal

