[ 2016-11-30T08:33:11+08:00 ] 127.0.0.1 /topstudent/index.php
INFO: [ app_init ] --START--
INFO: Run Behavior\BuildLiteBehavior [ RunTime:0.000025s ]
INFO: [ app_init ] --END-- [ RunTime:0.000716s ]
INFO: [ app_begin ] --START--
INFO: Run Behavior\ReadHtmlCacheBehavior [ RunTime:0.000874s ]
INFO: [ app_begin ] --END-- [ RunTime:0.000960s ]
ERR: 模板不存在:./Application/Home/View/Index/index.html

[ 2016-11-30T08:49:19+08:00 ] 127.0.0.1 /topstudent/index.php
INFO: [ app_init ] --START--
INFO: Run Behavior\BuildLiteBehavior [ RunTime:0.000015s ]
INFO: [ app_init ] --END-- [ RunTime:0.000405s ]
INFO: [ app_begin ] --START--
INFO: Run Behavior\ReadHtmlCacheBehavior [ RunTime:0.000583s ]
INFO: [ app_begin ] --END-- [ RunTime:0.000639s ]
ERR: 模板不存在:./Application/Home/View/Index/index.html

[ 2016-11-30T08:50:36+08:00 ] 127.0.0.1 /topstudent/index.php
INFO: [ app_init ] --START--
INFO: Run Behavior\BuildLiteBehavior [ RunTime:0.000015s ]
INFO: [ app_init ] --END-- [ RunTime:0.000408s ]
INFO: [ app_begin ] --START--
INFO: Run Behavior\ReadHtmlCacheBehavior [ RunTime:0.000674s ]
INFO: [ app_begin ] --END-- [ RunTime:0.000732s ]
ERR: 模板不存在:./Application/Home/View/Index/index.html

[ 2016-11-30T10:17:12+08:00 ] 127.0.0.1 /topstudent/index.php
INFO: [ app_init ] --START--
INFO: Run Behavior\BuildLiteBehavior [ RunTime:0.000020s ]
INFO: [ app_init ] --END-- [ RunTime:0.000504s ]
INFO: [ app_begin ] --START--
INFO: Run Behavior\ReadHtmlCacheBehavior [ RunTime:0.000777s ]
INFO: [ app_begin ] --END-- [ RunTime:0.000862s ]
ERR: 模板不存在:./Application/Home/View/Index/index.html

[ 2016-11-30T12:40:45+08:00 ] 127.0.0.1 /topstudent/index.php
INFO: [ app_init ] --START--
INFO: Run Behavior\BuildLiteBehavior [ RunTime:0.000021s ]
INFO: [ app_init ] --END-- [ RunTime:0.035021s ]
INFO: [ app_begin ] --START--
INFO: Run Behavior\ReadHtmlCacheBehavior [ RunTime:0.024344s ]
INFO: [ app_begin ] --END-- [ RunTime:0.024473s ]
ERR: 模板不存在:./Application/Home/View/Index/index.html

[ 2016-11-30T15:01:56+08:00 ] 127.0.0.1 /topstudent/index.php
INFO: [ app_init ] --START--
INFO: Run Behavior\BuildLiteBehavior [ RunTime:0.000021s ]
INFO: [ app_init ] --END-- [ RunTime:0.050181s ]
INFO: [ app_begin ] --START--
INFO: Run Behavior\ReadHtmlCacheBehavior [ RunTime:0.000630s ]
INFO: [ app_begin ] --END-- [ RunTime:0.000696s ]
ERR: 模板不存在:./Application/Home/View/Index/index.html

[ 2016-11-30T16:19:06+08:00 ] 127.0.0.1 /topstudent/index.php
INFO: [ app_init ] --START--
INFO: Run Behavior\BuildLiteBehavior [ RunTime:0.000022s ]
INFO: [ app_init ] --END-- [ RunTime:0.001375s ]
INFO: [ app_begin ] --START--
INFO: Run Behavior\ReadHtmlCacheBehavior [ RunTime:0.000687s ]
INFO: [ app_begin ] --END-- [ RunTime:0.000828s ]
ERR: 模板不存在:./Application/Home/View/Index/index.html

[ 2016-11-30T16:20:59+08:00 ] 127.0.0.1 /topstudent/index.php
INFO: [ app_init ] --START--
INFO: Run Behavior\BuildLiteBehavior [ RunTime:0.000024s ]
INFO: [ app_init ] --END-- [ RunTime:0.000614s ]
INFO: [ app_begin ] --START--
INFO: Run Behavior\ReadHtmlCacheBehavior [ RunTime:0.000697s ]
INFO: [ app_begin ] --END-- [ RunTime:0.000772s ]
ERR: 模板不存在:./Application/Home/View/Index/index.html

