[ 2016-12-13T09:28:36+08:00 ] 127.0.0.1 /topstudent/index.php/Admin/questions
INFO: [ app_init ] --START--
INFO: Run Behavior\BuildLiteBehavior [ RunTime:0.000030s ]
INFO: [ app_init ] --END-- [ RunTime:0.000977s ]
INFO: [ app_begin ] --START--
INFO: Run Behavior\ReadHtmlCacheBehavior [ RunTime:0.001476s ]
INFO: [ app_begin ] --END-- [ RunTime:0.001708s ]
SQL: SHOW COLUMNS FROM `question` [ RunTime:0.0159s ]
SQL: SELECT COUNT(*) AS tp_count FROM `question` LIMIT 1   [ RunTime:0.0016s ]
SQL: SELECT * FROM `question` ORDER BY que_id LIMIT 0,4   [ RunTime:0.0011s ]
INFO: [ view_parse ] --START--
INFO: [ template_filter ] --START--
INFO: Run Behavior\ContentReplaceBehavior [ RunTime:0.000150s ]
INFO: [ template_filter ] --END-- [ RunTime:0.000269s ]
NOTIC: [8] Undefined index: adm_username E:\xuexiruanjian\HTML5\anzhuang\htdocs\topstudent\Application\Runtime\Cache\Admin\bd352ece0adfd9d39d9d75cb4446efee.php 第 18 行.
INFO: Run Behavior\ParseTemplateBehavior [ RunTime:0.074162s ]
INFO: [ view_parse ] --END-- [ RunTime:0.074286s ]
INFO: [ view_filter ] --START--
INFO: Run Behavior\WriteHtmlCacheBehavior [ RunTime:0.000796s ]
INFO: [ view_filter ] --END-- [ RunTime:0.000902s ]
INFO: [ app_end ] --START--
INFO: Run Behavior\ShowPageTraceBehavior [ RunTime:0.002594s ]
INFO: [ app_end ] --END-- [ RunTime:0.002830s ]

[ 2016-12-13T09:28:42+08:00 ] 127.0.0.1 /topstudent/index.php/Admin/tests/index
INFO: [ app_init ] --START--
INFO: Run Behavior\BuildLiteBehavior [ RunTime:0.000028s ]
INFO: [ app_init ] --END-- [ RunTime:0.000952s ]
INFO: [ app_begin ] --START--
INFO: Run Behavior\ReadHtmlCacheBehavior [ RunTime:0.001061s ]
INFO: [ app_begin ] --END-- [ RunTime:0.001186s ]
SQL: SHOW COLUMNS FROM `tests` [ RunTime:0.0132s ]
SQL: SELECT COUNT(*) AS tp_count FROM `tests` LIMIT 1   [ RunTime:0.0009s ]
SQL: SELECT * FROM `tests` ORDER BY test_publish desc LIMIT 0,3   [ RunTime:0.0013s ]
INFO: [ view_parse ] --START--
INFO: [ template_filter ] --START--
INFO: Run Behavior\ContentReplaceBehavior [ RunTime:0.000152s ]
INFO: [ template_filter ] --END-- [ RunTime:0.000280s ]
NOTIC: [8] Undefined index: adm_username E:\xuexiruanjian\HTML5\anzhuang\htdocs\topstudent\Application\Runtime\Cache\Admin\d6337019cac6b3266d40126d50e9216a.php 第 16 行.
INFO: Run Behavior\ParseTemplateBehavior [ RunTime:0.044382s ]
INFO: [ view_parse ] --END-- [ RunTime:0.045484s ]
INFO: [ view_filter ] --START--
INFO: Run Behavior\WriteHtmlCacheBehavior [ RunTime:0.000660s ]
INFO: [ view_filter ] --END-- [ RunTime:0.000765s ]
INFO: [ app_end ] --START--
INFO: Run Behavior\ShowPageTraceBehavior [ RunTime:0.001105s ]
INFO: [ app_end ] --END-- [ RunTime:0.001212s ]

[ 2016-12-13T09:28:48+08:00 ] 127.0.0.1 /topstudent/index.php/Admin/Tests/edit/id/2
INFO: [ app_init ] --START--
INFO: Run Behavior\BuildLiteBehavior [ RunTime:0.000027s ]
INFO: [ app_init ] --END-- [ RunTime:0.000845s ]
INFO: [ app_begin ] --START--
INFO: Run Behavior\ReadHtmlCacheBehavior [ RunTime:0.001042s ]
INFO: [ app_begin ] --END-- [ RunTime:0.001162s ]
SQL: SHOW COLUMNS FROM `tests` [ RunTime:0.0144s ]
SQL: SELECT * FROM `tests` WHERE `test_id` = 2 LIMIT 1   [ RunTime:0.0013s ]
INFO: [ view_parse ] --START--
INFO: [ template_filter ] --START--
INFO: Run Behavior\ContentReplaceBehavior [ RunTime:0.000140s ]
INFO: [ template_filter ] --END-- [ RunTime:0.000267s ]
NOTIC: [8] Undefined index: adm_username E:\xuexiruanjian\HTML5\anzhuang\htdocs\topstudent\Application\Runtime\Cache\Admin\17f4fdf466ffa892813a17008f8ec897.php 第 18 行.
INFO: Run Behavior\ParseTemplateBehavior [ RunTime:0.066631s ]
INFO: [ view_parse ] --END-- [ RunTime:0.066761s ]
INFO: [ view_filter ] --START--
INFO: Run Behavior\WriteHtmlCacheBehavior [ RunTime:0.000688s ]
INFO: [ view_filter ] --END-- [ RunTime:0.000795s ]
INFO: [ app_end ] --START--
INFO: Run Behavior\ShowPageTraceBehavior [ RunTime:0.001254s ]
INFO: [ app_end ] --END-- [ RunTime:0.001372s ]

[ 2016-12-13T09:29:56+08:00 ] 127.0.0.1 /topstudent/index.php/Admin/tests/save
INFO: [ app_init ] --START--
INFO: Run Behavior\BuildLiteBehavior [ RunTime:0.000028s ]
INFO: [ app_init ] --END-- [ RunTime:0.000900s ]
INFO: [ app_begin ] --START--
INFO: Run Behavior\ReadHtmlCacheBehavior [ RunTime:0.001542s ]
INFO: [ app_begin ] --END-- [ RunTime:0.001699s ]
NOTIC: [2] call_user_func() expects parameter 1 to be a valid callback, no array or string given E:\xuexiruanjian\HTML5\anzhuang\htdocs\topstudent\ThinkPHP\Library\Think\Upload.class.php 第 170 行.
SQL: SHOW COLUMNS FROM `tests` [ RunTime:0.0157s ]
NOTIC: [8] Undefined index: validate E:\xuexiruanjian\HTML5\anzhuang\htdocs\topstudent\ThinkPHP\Library\Think\Model.class.php 第 1185 行.
NOTIC: [8] Undefined index: auto E:\xuexiruanjian\HTML5\anzhuang\htdocs\topstudent\ThinkPHP\Library\Think\Model.class.php 第 1128 行.
INFO: [ view_parse ] --START--
INFO: [ template_filter ] --START--
INFO: Run Behavior\ContentReplaceBehavior [ RunTime:0.000093s ]
INFO: [ template_filter ] --END-- [ RunTime:0.000233s ]
INFO: Run Behavior\ParseTemplateBehavior [ RunTime:0.046932s ]
INFO: [ view_parse ] --END-- [ RunTime:0.047161s ]
INFO: [ view_filter ] --START--
INFO: Run Behavior\WriteHtmlCacheBehavior [ RunTime:0.001395s ]
INFO: [ view_filter ] --END-- [ RunTime:0.001504s ]

[ 2016-12-13T09:29:59+08:00 ] 127.0.0.1 /topstudent/index.php/Admin/Tests/create
INFO: [ app_init ] --START--
INFO: Run Behavior\BuildLiteBehavior [ RunTime:0.000032s ]
INFO: [ app_init ] --END-- [ RunTime:0.001112s ]
INFO: [ app_begin ] --START--
INFO: Run Behavior\ReadHtmlCacheBehavior [ RunTime:0.002068s ]
INFO: [ app_begin ] --END-- [ RunTime:0.002364s ]
SQL: SHOW COLUMNS FROM `tests` [ RunTime:0.0131s ]
NOTIC: [8] Undefined index: test_id E:\xuexiruanjian\HTML5\anzhuang\htdocs\topstudent\Application\Admin\Controller\TestsController.class.php 第 43 行.
SQL: SELECT * FROM `tests` LIMIT 1   [ RunTime:0.0009s ]
INFO: [ view_parse ] --START--
INFO: [ template_filter ] --START--
INFO: Run Behavior\ContentReplaceBehavior [ RunTime:0.000142s ]
INFO: [ template_filter ] --END-- [ RunTime:0.000266s ]
NOTIC: [8] Undefined index: adm_username E:\xuexiruanjian\HTML5\anzhuang\htdocs\topstudent\Application\Runtime\Cache\Admin\f7575c21d0e41be021294aa095748bac.php 第 18 行.
NOTIC: [8] Undefined index: book_img E:\xuexiruanjian\HTML5\anzhuang\htdocs\topstudent\Application\Runtime\Cache\Admin\f7575c21d0e41be021294aa095748bac.php 第 86 行.
INFO: Run Behavior\ParseTemplateBehavior [ RunTime:0.064349s ]
INFO: [ view_parse ] --END-- [ RunTime:0.064481s ]
INFO: [ view_filter ] --START--
INFO: Run Behavior\WriteHtmlCacheBehavior [ RunTime:0.001105s ]
INFO: [ view_filter ] --END-- [ RunTime:0.001223s ]
INFO: [ app_end ] --START--
INFO: Run Behavior\ShowPageTraceBehavior [ RunTime:0.001383s ]
INFO: [ app_end ] --END-- [ RunTime:0.001488s ]

[ 2016-12-13T09:30:05+08:00 ] 127.0.0.1 /topstudent/index.php/Admin/Admins/logout
INFO: [ app_init ] --START--
INFO: Run Behavior\BuildLiteBehavior [ RunTime:0.000163s ]
INFO: [ app_init ] --END-- [ RunTime:0.001242s ]
INFO: [ app_begin ] --START--
INFO: Run Behavior\ReadHtmlCacheBehavior [ RunTime:0.001419s ]
INFO: [ app_begin ] --END-- [ RunTime:0.001580s ]
INFO: [ view_parse ] --START--
INFO: [ template_filter ] --START--
INFO: Run Behavior\ContentReplaceBehavior [ RunTime:0.000096s ]
INFO: [ template_filter ] --END-- [ RunTime:0.000219s ]
INFO: Run Behavior\ParseTemplateBehavior [ RunTime:0.015264s ]
INFO: [ view_parse ] --END-- [ RunTime:0.015415s ]
INFO: [ view_filter ] --START--
INFO: Run Behavior\WriteHtmlCacheBehavior [ RunTime:0.001018s ]
INFO: [ view_filter ] --END-- [ RunTime:0.001120s ]

[ 2016-12-13T09:30:07+08:00 ] 127.0.0.1 /topstudent/index.php/Admin/admins/login
INFO: [ app_init ] --START--
INFO: Run Behavior\BuildLiteBehavior [ RunTime:0.000032s ]
INFO: [ app_init ] --END-- [ RunTime:0.001133s ]
INFO: [ app_begin ] --START--
INFO: Run Behavior\ReadHtmlCacheBehavior [ RunTime:0.001142s ]
INFO: [ app_begin ] --END-- [ RunTime:0.001511s ]
INFO: [ view_parse ] --START--
INFO: [ template_filter ] --START--
INFO: Run Behavior\ContentReplaceBehavior [ RunTime:0.000107s ]
INFO: [ template_filter ] --END-- [ RunTime:0.000235s ]
INFO: Run Behavior\ParseTemplateBehavior [ RunTime:0.051527s ]
INFO: [ view_parse ] --END-- [ RunTime:0.051694s ]
INFO: [ view_filter ] --START--
INFO: Run Behavior\WriteHtmlCacheBehavior [ RunTime:0.000588s ]
INFO: [ view_filter ] --END-- [ RunTime:0.000688s ]
INFO: [ app_end ] --START--
INFO: Run Behavior\ShowPageTraceBehavior [ RunTime:0.001535s ]
INFO: [ app_end ] --END-- [ RunTime:0.001661s ]

[ 2016-12-13T09:30:24+08:00 ] 127.0.0.1 /topstudent/index.php/Admin/admins/login
INFO: [ app_init ] --START--
INFO: Run Behavior\BuildLiteBehavior [ RunTime:0.000033s ]
INFO: [ app_init ] --END-- [ RunTime:0.004840s ]
INFO: [ app_begin ] --START--
INFO: Run Behavior\ReadHtmlCacheBehavior [ RunTime:0.001344s ]
INFO: [ app_begin ] --END-- [ RunTime:0.001489s ]
SQL: SHOW COLUMNS FROM `administrator` [ RunTime:0.0306s ]
SQL: SELECT COUNT(*) AS tp_count FROM `administrator` WHERE `adm_username` = 'admin' AND `adm_password` = 'admin' LIMIT 1   [ RunTime:0.0008s ]
INFO: [ view_parse ] --START--
INFO: [ template_filter ] --START--
INFO: Run Behavior\ContentReplaceBehavior [ RunTime:0.000088s ]
INFO: [ template_filter ] --END-- [ RunTime:0.001060s ]
INFO: Run Behavior\ParseTemplateBehavior [ RunTime:0.016087s ]
INFO: [ view_parse ] --END-- [ RunTime:0.016242s ]
INFO: [ view_filter ] --START--
INFO: Run Behavior\WriteHtmlCacheBehavior [ RunTime:0.000943s ]
INFO: [ view_filter ] --END-- [ RunTime:0.001094s ]
INFO: [ app_end ] --START--
INFO: Run Behavior\ShowPageTraceBehavior [ RunTime:0.001564s ]
INFO: [ app_end ] --END-- [ RunTime:0.001738s ]

[ 2016-12-13T09:30:25+08:00 ] 127.0.0.1 /topstudent/index.php/Admin/videos/index
INFO: [ app_init ] --START--
INFO: Run Behavior\BuildLiteBehavior [ RunTime:0.000037s ]
INFO: [ app_init ] --END-- [ RunTime:0.001018s ]
INFO: [ app_begin ] --START--
INFO: Run Behavior\ReadHtmlCacheBehavior [ RunTime:0.001091s ]
INFO: [ app_begin ] --END-- [ RunTime:0.001211s ]
SQL: SHOW COLUMNS FROM `videos` [ RunTime:0.0163s ]
SQL: SELECT * FROM `videos`  [ RunTime:0.0059s ]
SQL: SELECT COUNT(*) AS tp_count FROM `videos` LIMIT 1   [ RunTime:0.0009s ]
SQL: SELECT * FROM `videos` ORDER BY video_id LIMIT 0,4   [ RunTime:0.0010s ]
INFO: [ view_parse ] --START--
INFO: [ template_filter ] --START--
INFO: Run Behavior\ContentReplaceBehavior [ RunTime:0.000145s ]
INFO: [ template_filter ] --END-- [ RunTime:0.000268s ]
INFO: Run Behavior\ParseTemplateBehavior [ RunTime:0.079827s ]
INFO: [ view_parse ] --END-- [ RunTime:0.079970s ]
INFO: [ view_filter ] --START--
INFO: Run Behavior\WriteHtmlCacheBehavior [ RunTime:0.001596s ]
INFO: [ view_filter ] --END-- [ RunTime:0.001713s ]
INFO: [ app_end ] --START--
INFO: Run Behavior\ShowPageTraceBehavior [ RunTime:0.001196s ]
INFO: [ app_end ] --END-- [ RunTime:0.001308s ]

[ 2016-12-13T09:30:29+08:00 ] 127.0.0.1 /topstudent/index.php/Admin/videos/edit/id/1
INFO: [ app_init ] --START--
INFO: Run Behavior\BuildLiteBehavior [ RunTime:0.000028s ]
INFO: [ app_init ] --END-- [ RunTime:0.000938s ]
INFO: [ app_begin ] --START--
INFO: Run Behavior\ReadHtmlCacheBehavior [ RunTime:0.001080s ]
INFO: [ app_begin ] --END-- [ RunTime:0.001207s ]
SQL: SHOW COLUMNS FROM `videos` [ RunTime:0.0136s ]
SQL: SELECT * FROM `videos` WHERE `video_id` = 1 LIMIT 1   [ RunTime:0.0017s ]
INFO: [ view_parse ] --START--
INFO: [ template_filter ] --START--
INFO: Run Behavior\ContentReplaceBehavior [ RunTime:0.000160s ]
INFO: [ template_filter ] --END-- [ RunTime:0.000690s ]
INFO: Run Behavior\ParseTemplateBehavior [ RunTime:0.043507s ]
INFO: [ view_parse ] --END-- [ RunTime:0.043643s ]
INFO: [ view_filter ] --START--
INFO: Run Behavior\WriteHtmlCacheBehavior [ RunTime:0.000591s ]
INFO: [ view_filter ] --END-- [ RunTime:0.000692s ]
INFO: [ app_end ] --START--
INFO: Run Behavior\ShowPageTraceBehavior [ RunTime:0.001113s ]
INFO: [ app_end ] --END-- [ RunTime:0.001215s ]

[ 2016-12-13T09:30:33+08:00 ] 127.0.0.1 /topstudent/index.php/Admin/tests/index
INFO: [ app_init ] --START--
INFO: Run Behavior\BuildLiteBehavior [ RunTime:0.000029s ]
INFO: [ app_init ] --END-- [ RunTime:0.000929s ]
INFO: [ app_begin ] --START--
INFO: Run Behavior\ReadHtmlCacheBehavior [ RunTime:0.001122s ]
INFO: [ app_begin ] --END-- [ RunTime:0.001245s ]
SQL: SHOW COLUMNS FROM `tests` [ RunTime:0.0133s ]
SQL: SELECT COUNT(*) AS tp_count FROM `tests` LIMIT 1   [ RunTime:0.0007s ]
SQL: SELECT * FROM `tests` ORDER BY test_publish desc LIMIT 0,3   [ RunTime:0.0008s ]
INFO: [ view_parse ] --START--
INFO: [ template_filter ] --START--
INFO: Run Behavior\ContentReplaceBehavior [ RunTime:0.000146s ]
INFO: [ template_filter ] --END-- [ RunTime:0.000269s ]
INFO: Run Behavior\ParseTemplateBehavior [ RunTime:0.019389s ]
INFO: [ view_parse ] --END-- [ RunTime:0.019530s ]
INFO: [ view_filter ] --START--
INFO: Run Behavior\WriteHtmlCacheBehavior [ RunTime:0.000648s ]
INFO: [ view_filter ] --END-- [ RunTime:0.000751s ]
INFO: [ app_end ] --START--
INFO: Run Behavior\ShowPageTraceBehavior [ RunTime:0.001163s ]
INFO: [ app_end ] --END-- [ RunTime:0.001273s ]

[ 2016-12-13T09:30:35+08:00 ] 127.0.0.1 /topstudent/index.php/Admin/Tests/edit/id/2
INFO: [ app_init ] --START--
INFO: Run Behavior\BuildLiteBehavior [ RunTime:0.000030s ]
INFO: [ app_init ] --END-- [ RunTime:0.000990s ]
INFO: [ app_begin ] --START--
INFO: Run Behavior\ReadHtmlCacheBehavior [ RunTime:0.001735s ]
INFO: [ app_begin ] --END-- [ RunTime:0.001885s ]
SQL: SHOW COLUMNS FROM `tests` [ RunTime:0.0140s ]
SQL: SELECT * FROM `tests` WHERE `test_id` = 2 LIMIT 1   [ RunTime:0.0014s ]
INFO: [ view_parse ] --START--
INFO: [ template_filter ] --START--
INFO: Run Behavior\ContentReplaceBehavior [ RunTime:0.000135s ]
INFO: [ template_filter ] --END-- [ RunTime:0.000254s ]
INFO: Run Behavior\ParseTemplateBehavior [ RunTime:0.017033s ]
INFO: [ view_parse ] --END-- [ RunTime:0.017269s ]
INFO: [ view_filter ] --START--
INFO: Run Behavior\WriteHtmlCacheBehavior [ RunTime:0.002161s ]
INFO: [ view_filter ] --END-- [ RunTime:0.002292s ]
INFO: [ app_end ] --START--
INFO: Run Behavior\ShowPageTraceBehavior [ RunTime:0.001574s ]
INFO: [ app_end ] --END-- [ RunTime:0.001704s ]

[ 2016-12-13T10:41:03+08:00 ] 127.0.0.1 /topstudent/index.php/Admin/questions/index
INFO: [ app_init ] --START--
INFO: Run Behavior\BuildLiteBehavior [ RunTime:0.000032s ]
INFO: [ app_init ] --END-- [ RunTime:0.002814s ]
INFO: [ app_begin ] --START--
INFO: Run Behavior\ReadHtmlCacheBehavior [ RunTime:0.001653s ]
INFO: [ app_begin ] --END-- [ RunTime:0.001824s ]
SQL: SHOW COLUMNS FROM `question` [ RunTime:0.0158s ]
SQL: SELECT COUNT(*) AS tp_count FROM `question` LIMIT 1   [ RunTime:0.0006s ]
SQL: SELECT * FROM `question` ORDER BY que_id LIMIT 0,4   [ RunTime:0.0016s ]
INFO: [ view_parse ] --START--
INFO: [ template_filter ] --START--
INFO: Run Behavior\ContentReplaceBehavior [ RunTime:0.000154s ]
INFO: [ template_filter ] --END-- [ RunTime:0.000279s ]
NOTIC: [8] Undefined index: adm_username E:\xuexiruanjian\HTML5\anzhuang\htdocs\topstudent\Application\Runtime\Cache\Admin\bd352ece0adfd9d39d9d75cb4446efee.php 第 18 行.
INFO: Run Behavior\ParseTemplateBehavior [ RunTime:0.037066s ]
INFO: [ view_parse ] --END-- [ RunTime:0.037213s ]
INFO: [ view_filter ] --START--
INFO: Run Behavior\WriteHtmlCacheBehavior [ RunTime:0.000913s ]
INFO: [ view_filter ] --END-- [ RunTime:0.001022s ]
INFO: [ app_end ] --START--
INFO: Run Behavior\ShowPageTraceBehavior [ RunTime:0.002134s ]
INFO: [ app_end ] --END-- [ RunTime:0.002282s ]

[ 2016-12-13T10:41:11+08:00 ] 127.0.0.1 /topstudent/index.php/Admin/Questions/index/p/2
INFO: [ app_init ] --START--
INFO: Run Behavior\BuildLiteBehavior [ RunTime:0.000031s ]
INFO: [ app_init ] --END-- [ RunTime:0.000983s ]
INFO: [ app_begin ] --START--
INFO: Run Behavior\ReadHtmlCacheBehavior [ RunTime:0.001310s ]
INFO: [ app_begin ] --END-- [ RunTime:0.001442s ]
SQL: SHOW COLUMNS FROM `question` [ RunTime:0.0145s ]
SQL: SELECT COUNT(*) AS tp_count FROM `question` LIMIT 1   [ RunTime:0.0007s ]
SQL: SELECT * FROM `question` ORDER BY que_id LIMIT 4,4   [ RunTime:0.0008s ]
INFO: [ view_parse ] --START--
INFO: [ template_filter ] --START--
INFO: Run Behavior\ContentReplaceBehavior [ RunTime:0.000154s ]
INFO: [ template_filter ] --END-- [ RunTime:0.000280s ]
NOTIC: [8] Undefined index: adm_username E:\xuexiruanjian\HTML5\anzhuang\htdocs\topstudent\Application\Runtime\Cache\Admin\bd352ece0adfd9d39d9d75cb4446efee.php 第 18 行.
INFO: Run Behavior\ParseTemplateBehavior [ RunTime:0.020259s ]
INFO: [ view_parse ] --END-- [ RunTime:0.020391s ]
INFO: [ view_filter ] --START--
INFO: Run Behavior\WriteHtmlCacheBehavior [ RunTime:0.000820s ]
INFO: [ view_filter ] --END-- [ RunTime:0.000923s ]
INFO: [ app_end ] --START--
INFO: Run Behavior\ShowPageTraceBehavior [ RunTime:0.001693s ]
INFO: [ app_end ] --END-- [ RunTime:0.001836s ]

[ 2016-12-13T14:28:30+08:00 ] 127.0.0.1 /topstudent/index.php/Admin/answers/index
INFO: [ app_init ] --START--
INFO: Run Behavior\BuildLiteBehavior [ RunTime:0.000029s ]
INFO: [ app_init ] --END-- [ RunTime:0.000953s ]
INFO: [ app_begin ] --START--
INFO: Run Behavior\ReadHtmlCacheBehavior [ RunTime:0.001207s ]
INFO: [ app_begin ] --END-- [ RunTime:0.001340s ]
SQL: SHOW COLUMNS FROM `question` [ RunTime:0.0141s ]
SQL: SELECT COUNT(*) AS tp_count FROM `question` RIGHT JOIN answer ON question.que_id = answer.ans_que_id  LIMIT 1   [ RunTime:0.0019s ]
SQL: SELECT answer.content as ans_content,question.content as que_content,answer.publish as ans_publish,question.publish as que_publish,answer.ans_username,question.que_id,answer.ans_que_id,answer.ans_id FROM `question` RIGHT JOIN answer ON question.que_id = answer.ans_que_id  LIMIT 0,4   [ RunTime:0.0012s ]
INFO: [ view_parse ] --START--
INFO: [ template_filter ] --START--
INFO: Run Behavior\ContentReplaceBehavior [ RunTime:0.000166s ]
INFO: [ template_filter ] --END-- [ RunTime:0.000290s ]
NOTIC: [8] Undefined index: adm_username E:\xuexiruanjian\HTML5\anzhuang\htdocs\topstudent\Application\Runtime\Cache\Admin\3ebf6d507a766d02ed4c2f4ae2cd0d4c.php 第 18 行.
NOTIC: [8] Undefined variable: data E:\xuexiruanjian\HTML5\anzhuang\htdocs\topstudent\Application\Runtime\Cache\Admin\3ebf6d507a766d02ed4c2f4ae2cd0d4c.php 第 96 行.
NOTIC: [8] Undefined variable: data E:\xuexiruanjian\HTML5\anzhuang\htdocs\topstudent\Application\Runtime\Cache\Admin\3ebf6d507a766d02ed4c2f4ae2cd0d4c.php 第 96 行.
NOTIC: [8] Undefined index: content E:\xuexiruanjian\HTML5\anzhuang\htdocs\topstudent\Application\Runtime\Cache\Admin\3ebf6d507a766d02ed4c2f4ae2cd0d4c.php 第 110 行.
NOTIC: [8] Undefined index: content E:\xuexiruanjian\HTML5\anzhuang\htdocs\topstudent\Application\Runtime\Cache\Admin\3ebf6d507a766d02ed4c2f4ae2cd0d4c.php 第 111 行.
NOTIC: [8] Undefined index: content E:\xuexiruanjian\HTML5\anzhuang\htdocs\topstudent\Application\Runtime\Cache\Admin\3ebf6d507a766d02ed4c2f4ae2cd0d4c.php 第 111 行.
NOTIC: [8] Undefined index: content E:\xuexiruanjian\HTML5\anzhuang\htdocs\topstudent\Application\Runtime\Cache\Admin\3ebf6d507a766d02ed4c2f4ae2cd0d4c.php 第 110 行.
NOTIC: [8] Undefined index: content E:\xuexiruanjian\HTML5\anzhuang\htdocs\topstudent\Application\Runtime\Cache\Admin\3ebf6d507a766d02ed4c2f4ae2cd0d4c.php 第 111 行.
NOTIC: [8] Undefined index: content E:\xuexiruanjian\HTML5\anzhuang\htdocs\topstudent\Application\Runtime\Cache\Admin\3ebf6d507a766d02ed4c2f4ae2cd0d4c.php 第 111 行.
NOTIC: [8] Undefined index: content E:\xuexiruanjian\HTML5\anzhuang\htdocs\topstudent\Application\Runtime\Cache\Admin\3ebf6d507a766d02ed4c2f4ae2cd0d4c.php 第 110 行.
NOTIC: [8] Undefined index: content E:\xuexiruanjian\HTML5\anzhuang\htdocs\topstudent\Application\Runtime\Cache\Admin\3ebf6d507a766d02ed4c2f4ae2cd0d4c.php 第 111 行.
NOTIC: [8] Undefined index: content E:\xuexiruanjian\HTML5\anzhuang\htdocs\topstudent\Application\Runtime\Cache\Admin\3ebf6d507a766d02ed4c2f4ae2cd0d4c.php 第 111 行.
NOTIC: [8] Undefined index: content E:\xuexiruanjian\HTML5\anzhuang\htdocs\topstudent\Application\Runtime\Cache\Admin\3ebf6d507a766d02ed4c2f4ae2cd0d4c.php 第 110 行.
NOTIC: [8] Undefined index: content E:\xuexiruanjian\HTML5\anzhuang\htdocs\topstudent\Application\Runtime\Cache\Admin\3ebf6d507a766d02ed4c2f4ae2cd0d4c.php 第 111 行.
NOTIC: [8] Undefined index: content E:\xuexiruanjian\HTML5\anzhuang\htdocs\topstudent\Application\Runtime\Cache\Admin\3ebf6d507a766d02ed4c2f4ae2cd0d4c.php 第 111 行.
INFO: Run Behavior\ParseTemplateBehavior [ RunTime:0.075084s ]
INFO: [ view_parse ] --END-- [ RunTime:0.075230s ]
INFO: [ view_filter ] --START--
INFO: Run Behavior\WriteHtmlCacheBehavior [ RunTime:0.002303s ]
INFO: [ view_filter ] --END-- [ RunTime:0.002426s ]
INFO: [ app_end ] --START--
INFO: Run Behavior\ShowPageTraceBehavior [ RunTime:0.006233s ]
INFO: [ app_end ] --END-- [ RunTime:0.006495s ]

[ 2016-12-13T14:28:38+08:00 ] 127.0.0.1 /topstudent/index.php/Admin/Answers/index/p/2
INFO: [ app_init ] --START--
INFO: Run Behavior\BuildLiteBehavior [ RunTime:0.000029s ]
INFO: [ app_init ] --END-- [ RunTime:0.000974s ]
INFO: [ app_begin ] --START--
INFO: Run Behavior\ReadHtmlCacheBehavior [ RunTime:0.001117s ]
INFO: [ app_begin ] --END-- [ RunTime:0.001244s ]
SQL: SHOW COLUMNS FROM `question` [ RunTime:0.0174s ]
SQL: SELECT COUNT(*) AS tp_count FROM `question` RIGHT JOIN answer ON question.que_id = answer.ans_que_id  LIMIT 1   [ RunTime:0.0014s ]
SQL: SELECT answer.content as ans_content,question.content as que_content,answer.publish as ans_publish,question.publish as que_publish,answer.ans_username,question.que_id,answer.ans_que_id,answer.ans_id FROM `question` RIGHT JOIN answer ON question.que_id = answer.ans_que_id  LIMIT 4,4   [ RunTime:0.0031s ]
INFO: [ view_parse ] --START--
INFO: [ template_filter ] --START--
INFO: Run Behavior\ContentReplaceBehavior [ RunTime:0.000161s ]
INFO: [ template_filter ] --END-- [ RunTime:0.000286s ]
NOTIC: [8] Undefined index: adm_username E:\xuexiruanjian\HTML5\anzhuang\htdocs\topstudent\Application\Runtime\Cache\Admin\3ebf6d507a766d02ed4c2f4ae2cd0d4c.php 第 18 行.
NOTIC: [8] Undefined variable: data E:\xuexiruanjian\HTML5\anzhuang\htdocs\topstudent\Application\Runtime\Cache\Admin\3ebf6d507a766d02ed4c2f4ae2cd0d4c.php 第 96 行.
NOTIC: [8] Undefined variable: data E:\xuexiruanjian\HTML5\anzhuang\htdocs\topstudent\Application\Runtime\Cache\Admin\3ebf6d507a766d02ed4c2f4ae2cd0d4c.php 第 96 行.
NOTIC: [8] Undefined index: content E:\xuexiruanjian\HTML5\anzhuang\htdocs\topstudent\Application\Runtime\Cache\Admin\3ebf6d507a766d02ed4c2f4ae2cd0d4c.php 第 110 行.
NOTIC: [8] Undefined index: content E:\xuexiruanjian\HTML5\anzhuang\htdocs\topstudent\Application\Runtime\Cache\Admin\3ebf6d507a766d02ed4c2f4ae2cd0d4c.php 第 111 行.
NOTIC: [8] Undefined index: content E:\xuexiruanjian\HTML5\anzhuang\htdocs\topstudent\Application\Runtime\Cache\Admin\3ebf6d507a766d02ed4c2f4ae2cd0d4c.php 第 111 行.
NOTIC: [8] Undefined index: content E:\xuexiruanjian\HTML5\anzhuang\htdocs\topstudent\Application\Runtime\Cache\Admin\3ebf6d507a766d02ed4c2f4ae2cd0d4c.php 第 110 行.
NOTIC: [8] Undefined index: content E:\xuexiruanjian\HTML5\anzhuang\htdocs\topstudent\Application\Runtime\Cache\Admin\3ebf6d507a766d02ed4c2f4ae2cd0d4c.php 第 111 行.
NOTIC: [8] Undefined index: content E:\xuexiruanjian\HTML5\anzhuang\htdocs\topstudent\Application\Runtime\Cache\Admin\3ebf6d507a766d02ed4c2f4ae2cd0d4c.php 第 111 行.
NOTIC: [8] Undefined index: content E:\xuexiruanjian\HTML5\anzhuang\htdocs\topstudent\Application\Runtime\Cache\Admin\3ebf6d507a766d02ed4c2f4ae2cd0d4c.php 第 110 行.
NOTIC: [8] Undefined index: content E:\xuexiruanjian\HTML5\anzhuang\htdocs\topstudent\Application\Runtime\Cache\Admin\3ebf6d507a766d02ed4c2f4ae2cd0d4c.php 第 111 行.
NOTIC: [8] Undefined index: content E:\xuexiruanjian\HTML5\anzhuang\htdocs\topstudent\Application\Runtime\Cache\Admin\3ebf6d507a766d02ed4c2f4ae2cd0d4c.php 第 111 行.
NOTIC: [8] Undefined index: content E:\xuexiruanjian\HTML5\anzhuang\htdocs\topstudent\Application\Runtime\Cache\Admin\3ebf6d507a766d02ed4c2f4ae2cd0d4c.php 第 110 行.
NOTIC: [8] Undefined index: content E:\xuexiruanjian\HTML5\anzhuang\htdocs\topstudent\Application\Runtime\Cache\Admin\3ebf6d507a766d02ed4c2f4ae2cd0d4c.php 第 111 行.
NOTIC: [8] Undefined index: content E:\xuexiruanjian\HTML5\anzhuang\htdocs\topstudent\Application\Runtime\Cache\Admin\3ebf6d507a766d02ed4c2f4ae2cd0d4c.php 第 111 行.
INFO: Run Behavior\ParseTemplateBehavior [ RunTime:0.025772s ]
INFO: [ view_parse ] --END-- [ RunTime:0.025888s ]
INFO: [ view_filter ] --START--
INFO: Run Behavior\WriteHtmlCacheBehavior [ RunTime:0.000651s ]
INFO: [ view_filter ] --END-- [ RunTime:0.000748s ]
INFO: [ app_end ] --START--
INFO: Run Behavior\ShowPageTraceBehavior [ RunTime:0.001416s ]
INFO: [ app_end ] --END-- [ RunTime:0.001555s ]

[ 2016-12-13T14:28:39+08:00 ] 127.0.0.1 /topstudent/index.php/Admin/Answers/index/p/3
INFO: [ app_init ] --START--
INFO: Run Behavior\BuildLiteBehavior [ RunTime:0.000032s ]
INFO: [ app_init ] --END-- [ RunTime:0.005852s ]
INFO: [ app_begin ] --START--
INFO: Run Behavior\ReadHtmlCacheBehavior [ RunTime:0.001180s ]
INFO: [ app_begin ] --END-- [ RunTime:0.001332s ]
SQL: SHOW COLUMNS FROM `question` [ RunTime:0.0151s ]
SQL: SELECT COUNT(*) AS tp_count FROM `question` RIGHT JOIN answer ON question.que_id = answer.ans_que_id  LIMIT 1   [ RunTime:0.0011s ]
SQL: SELECT answer.content as ans_content,question.content as que_content,answer.publish as ans_publish,question.publish as que_publish,answer.ans_username,question.que_id,answer.ans_que_id,answer.ans_id FROM `question` RIGHT JOIN answer ON question.que_id = answer.ans_que_id  LIMIT 8,4   [ RunTime:0.0013s ]
INFO: [ view_parse ] --START--
INFO: [ template_filter ] --START--
INFO: Run Behavior\ContentReplaceBehavior [ RunTime:0.000173s ]
INFO: [ template_filter ] --END-- [ RunTime:0.000416s ]
NOTIC: [8] Undefined index: adm_username E:\xuexiruanjian\HTML5\anzhuang\htdocs\topstudent\Application\Runtime\Cache\Admin\3ebf6d507a766d02ed4c2f4ae2cd0d4c.php 第 18 行.
NOTIC: [8] Undefined variable: data E:\xuexiruanjian\HTML5\anzhuang\htdocs\topstudent\Application\Runtime\Cache\Admin\3ebf6d507a766d02ed4c2f4ae2cd0d4c.php 第 96 行.
NOTIC: [8] Undefined variable: data E:\xuexiruanjian\HTML5\anzhuang\htdocs\topstudent\Application\Runtime\Cache\Admin\3ebf6d507a766d02ed4c2f4ae2cd0d4c.php 第 96 行.
NOTIC: [8] Undefined index: content E:\xuexiruanjian\HTML5\anzhuang\htdocs\topstudent\Application\Runtime\Cache\Admin\3ebf6d507a766d02ed4c2f4ae2cd0d4c.php 第 110 行.
NOTIC: [8] Undefined index: content E:\xuexiruanjian\HTML5\anzhuang\htdocs\topstudent\Application\Runtime\Cache\Admin\3ebf6d507a766d02ed4c2f4ae2cd0d4c.php 第 111 行.
NOTIC: [8] Undefined index: content E:\xuexiruanjian\HTML5\anzhuang\htdocs\topstudent\Application\Runtime\Cache\Admin\3ebf6d507a766d02ed4c2f4ae2cd0d4c.php 第 111 行.
NOTIC: [8] Undefined index: content E:\xuexiruanjian\HTML5\anzhuang\htdocs\topstudent\Application\Runtime\Cache\Admin\3ebf6d507a766d02ed4c2f4ae2cd0d4c.php 第 110 行.
NOTIC: [8] Undefined index: content E:\xuexiruanjian\HTML5\anzhuang\htdocs\topstudent\Application\Runtime\Cache\Admin\3ebf6d507a766d02ed4c2f4ae2cd0d4c.php 第 111 行.
NOTIC: [8] Undefined index: content E:\xuexiruanjian\HTML5\anzhuang\htdocs\topstudent\Application\Runtime\Cache\Admin\3ebf6d507a766d02ed4c2f4ae2cd0d4c.php 第 111 行.
NOTIC: [8] Undefined index: content E:\xuexiruanjian\HTML5\anzhuang\htdocs\topstudent\Application\Runtime\Cache\Admin\3ebf6d507a766d02ed4c2f4ae2cd0d4c.php 第 110 行.
NOTIC: [8] Undefined index: content E:\xuexiruanjian\HTML5\anzhuang\htdocs\topstudent\Application\Runtime\Cache\Admin\3ebf6d507a766d02ed4c2f4ae2cd0d4c.php 第 111 行.
NOTIC: [8] Undefined index: content E:\xuexiruanjian\HTML5\anzhuang\htdocs\topstudent\Application\Runtime\Cache\Admin\3ebf6d507a766d02ed4c2f4ae2cd0d4c.php 第 111 行.
NOTIC: [8] Undefined index: content E:\xuexiruanjian\HTML5\anzhuang\htdocs\topstudent\Application\Runtime\Cache\Admin\3ebf6d507a766d02ed4c2f4ae2cd0d4c.php 第 110 行.
NOTIC: [8] Undefined index: content E:\xuexiruanjian\HTML5\anzhuang\htdocs\topstudent\Application\Runtime\Cache\Admin\3ebf6d507a766d02ed4c2f4ae2cd0d4c.php 第 111 行.
NOTIC: [8] Undefined index: content E:\xuexiruanjian\HTML5\anzhuang\htdocs\topstudent\Application\Runtime\Cache\Admin\3ebf6d507a766d02ed4c2f4ae2cd0d4c.php 第 111 行.
INFO: Run Behavior\ParseTemplateBehavior [ RunTime:0.029427s ]
INFO: [ view_parse ] --END-- [ RunTime:0.029549s ]
INFO: [ view_filter ] --START--
INFO: Run Behavior\WriteHtmlCacheBehavior [ RunTime:0.000736s ]
INFO: [ view_filter ] --END-- [ RunTime:0.000842s ]
INFO: [ app_end ] --START--
INFO: Run Behavior\ShowPageTraceBehavior [ RunTime:0.005186s ]
INFO: [ app_end ] --END-- [ RunTime:0.005414s ]

[ 2016-12-13T14:28:41+08:00 ] 127.0.0.1 /topstudent/index.php/Admin/Answers/index/p/4
INFO: [ app_init ] --START--
INFO: Run Behavior\BuildLiteBehavior [ RunTime:0.000030s ]
INFO: [ app_init ] --END-- [ RunTime:0.000844s ]
INFO: [ app_begin ] --START--
INFO: Run Behavior\ReadHtmlCacheBehavior [ RunTime:0.001116s ]
INFO: [ app_begin ] --END-- [ RunTime:0.001242s ]
SQL: SHOW COLUMNS FROM `question` [ RunTime:0.0155s ]
SQL: SELECT COUNT(*) AS tp_count FROM `question` RIGHT JOIN answer ON question.que_id = answer.ans_que_id  LIMIT 1   [ RunTime:0.0016s ]
SQL: SELECT answer.content as ans_content,question.content as que_content,answer.publish as ans_publish,question.publish as que_publish,answer.ans_username,question.que_id,answer.ans_que_id,answer.ans_id FROM `question` RIGHT JOIN answer ON question.que_id = answer.ans_que_id  LIMIT 12,4   [ RunTime:0.0009s ]
INFO: [ view_parse ] --START--
INFO: [ template_filter ] --START--
INFO: Run Behavior\ContentReplaceBehavior [ RunTime:0.000161s ]
INFO: [ template_filter ] --END-- [ RunTime:0.000285s ]
NOTIC: [8] Undefined index: adm_username E:\xuexiruanjian\HTML5\anzhuang\htdocs\topstudent\Application\Runtime\Cache\Admin\3ebf6d507a766d02ed4c2f4ae2cd0d4c.php 第 18 行.
NOTIC: [8] Undefined variable: data E:\xuexiruanjian\HTML5\anzhuang\htdocs\topstudent\Application\Runtime\Cache\Admin\3ebf6d507a766d02ed4c2f4ae2cd0d4c.php 第 96 行.
NOTIC: [8] Undefined variable: data E:\xuexiruanjian\HTML5\anzhuang\htdocs\topstudent\Application\Runtime\Cache\Admin\3ebf6d507a766d02ed4c2f4ae2cd0d4c.php 第 96 行.
NOTIC: [8] Undefined index: content E:\xuexiruanjian\HTML5\anzhuang\htdocs\topstudent\Application\Runtime\Cache\Admin\3ebf6d507a766d02ed4c2f4ae2cd0d4c.php 第 110 行.
NOTIC: [8] Undefined index: content E:\xuexiruanjian\HTML5\anzhuang\htdocs\topstudent\Application\Runtime\Cache\Admin\3ebf6d507a766d02ed4c2f4ae2cd0d4c.php 第 111 行.
NOTIC: [8] Undefined index: content E:\xuexiruanjian\HTML5\anzhuang\htdocs\topstudent\Application\Runtime\Cache\Admin\3ebf6d507a766d02ed4c2f4ae2cd0d4c.php 第 111 行.
INFO: Run Behavior\ParseTemplateBehavior [ RunTime:0.032741s ]
INFO: [ view_parse ] --END-- [ RunTime:0.032854s ]
INFO: [ view_filter ] --START--
INFO: Run Behavior\WriteHtmlCacheBehavior [ RunTime:0.000727s ]
INFO: [ view_filter ] --END-- [ RunTime:0.000830s ]
INFO: [ app_end ] --START--
INFO: Run Behavior\ShowPageTraceBehavior [ RunTime:0.001555s ]
INFO: [ app_end ] --END-- [ RunTime:0.001686s ]

[ 2016-12-13T15:04:27+08:00 ] 127.0.0.1 /topstudent/index.php/Admin/questions
INFO: [ app_init ] --START--
INFO: Run Behavior\BuildLiteBehavior [ RunTime:0.000029s ]
INFO: [ app_init ] --END-- [ RunTime:0.001021s ]
INFO: [ app_begin ] --START--
INFO: Run Behavior\ReadHtmlCacheBehavior [ RunTime:0.001563s ]
INFO: [ app_begin ] --END-- [ RunTime:0.001700s ]
SQL: SHOW COLUMNS FROM `question` [ RunTime:0.0141s ]
SQL: SELECT COUNT(*) AS tp_count FROM `question` LIMIT 1   [ RunTime:0.0006s ]
SQL: SELECT * FROM `question` ORDER BY que_id LIMIT 0,4   [ RunTime:0.0022s ]
INFO: [ view_parse ] --START--
INFO: [ template_filter ] --START--
INFO: Run Behavior\ContentReplaceBehavior [ RunTime:0.000650s ]
INFO: [ template_filter ] --END-- [ RunTime:0.000797s ]
NOTIC: [8] Undefined index: adm_username E:\xuexiruanjian\HTML5\anzhuang\htdocs\topstudent\Application\Runtime\Cache\Admin\bd352ece0adfd9d39d9d75cb4446efee.php 第 18 行.
INFO: Run Behavior\ParseTemplateBehavior [ RunTime:0.032930s ]
INFO: [ view_parse ] --END-- [ RunTime:0.033072s ]
INFO: [ view_filter ] --START--
INFO: Run Behavior\WriteHtmlCacheBehavior [ RunTime:0.002041s ]
INFO: [ view_filter ] --END-- [ RunTime:0.002205s ]
INFO: [ app_end ] --START--
INFO: Run Behavior\ShowPageTraceBehavior [ RunTime:0.004635s ]
INFO: [ app_end ] --END-- [ RunTime:0.004791s ]

[ 2016-12-13T15:04:28+08:00 ] 127.0.0.1 /topstudent/index.php/Admin/answers/index
INFO: [ app_init ] --START--
INFO: Run Behavior\BuildLiteBehavior [ RunTime:0.000039s ]
INFO: [ app_init ] --END-- [ RunTime:0.001145s ]
INFO: [ app_begin ] --START--
INFO: Run Behavior\ReadHtmlCacheBehavior [ RunTime:0.001224s ]
INFO: [ app_begin ] --END-- [ RunTime:0.001347s ]
SQL: SHOW COLUMNS FROM `question` [ RunTime:0.0140s ]
SQL: SELECT COUNT(*) AS tp_count FROM `question` RIGHT JOIN answer ON question.que_id = answer.ans_que_id  LIMIT 1   [ RunTime:0.0009s ]
SQL: SELECT answer.content as ans_content,question.content as que_content,answer.publish as ans_publish,question.publish as que_publish,answer.ans_username,question.que_id,answer.ans_que_id,answer.ans_id FROM `question` RIGHT JOIN answer ON question.que_id = answer.ans_que_id  LIMIT 0,4   [ RunTime:0.0009s ]
INFO: [ view_parse ] --START--
INFO: [ template_filter ] --START--
INFO: Run Behavior\ContentReplaceBehavior [ RunTime:0.000161s ]
INFO: [ template_filter ] --END-- [ RunTime:0.000287s ]
NOTIC: [8] Undefined index: adm_username E:\xuexiruanjian\HTML5\anzhuang\htdocs\topstudent\Application\Runtime\Cache\Admin\3ebf6d507a766d02ed4c2f4ae2cd0d4c.php 第 18 行.
NOTIC: [8] Undefined variable: data E:\xuexiruanjian\HTML5\anzhuang\htdocs\topstudent\Application\Runtime\Cache\Admin\3ebf6d507a766d02ed4c2f4ae2cd0d4c.php 第 96 行.
NOTIC: [8] Undefined variable: data E:\xuexiruanjian\HTML5\anzhuang\htdocs\topstudent\Application\Runtime\Cache\Admin\3ebf6d507a766d02ed4c2f4ae2cd0d4c.php 第 96 行.
NOTIC: [8] Undefined index: content E:\xuexiruanjian\HTML5\anzhuang\htdocs\topstudent\Application\Runtime\Cache\Admin\3ebf6d507a766d02ed4c2f4ae2cd0d4c.php 第 110 行.
NOTIC: [8] Undefined index: content E:\xuexiruanjian\HTML5\anzhuang\htdocs\topstudent\Application\Runtime\Cache\Admin\3ebf6d507a766d02ed4c2f4ae2cd0d4c.php 第 111 行.
NOTIC: [8] Undefined index: content E:\xuexiruanjian\HTML5\anzhuang\htdocs\topstudent\Application\Runtime\Cache\Admin\3ebf6d507a766d02ed4c2f4ae2cd0d4c.php 第 111 行.
NOTIC: [8] Undefined index: content E:\xuexiruanjian\HTML5\anzhuang\htdocs\topstudent\Application\Runtime\Cache\Admin\3ebf6d507a766d02ed4c2f4ae2cd0d4c.php 第 110 行.
NOTIC: [8] Undefined index: content E:\xuexiruanjian\HTML5\anzhuang\htdocs\topstudent\Application\Runtime\Cache\Admin\3ebf6d507a766d02ed4c2f4ae2cd0d4c.php 第 111 行.
NOTIC: [8] Undefined index: content E:\xuexiruanjian\HTML5\anzhuang\htdocs\topstudent\Application\Runtime\Cache\Admin\3ebf6d507a766d02ed4c2f4ae2cd0d4c.php 第 111 行.
NOTIC: [8] Undefined index: content E:\xuexiruanjian\HTML5\anzhuang\htdocs\topstudent\Application\Runtime\Cache\Admin\3ebf6d507a766d02ed4c2f4ae2cd0d4c.php 第 110 行.
NOTIC: [8] Undefined index: content E:\xuexiruanjian\HTML5\anzhuang\htdocs\topstudent\Application\Runtime\Cache\Admin\3ebf6d507a766d02ed4c2f4ae2cd0d4c.php 第 111 行.
NOTIC: [8] Undefined index: content E:\xuexiruanjian\HTML5\anzhuang\htdocs\topstudent\Application\Runtime\Cache\Admin\3ebf6d507a766d02ed4c2f4ae2cd0d4c.php 第 111 行.
NOTIC: [8] Undefined index: content E:\xuexiruanjian\HTML5\anzhuang\htdocs\topstudent\Application\Runtime\Cache\Admin\3ebf6d507a766d02ed4c2f4ae2cd0d4c.php 第 110 行.
NOTIC: [8] Undefined index: content E:\xuexiruanjian\HTML5\anzhuang\htdocs\topstudent\Application\Runtime\Cache\Admin\3ebf6d507a766d02ed4c2f4ae2cd0d4c.php 第 111 行.
NOTIC: [8] Undefined index: content E:\xuexiruanjian\HTML5\anzhuang\htdocs\topstudent\Application\Runtime\Cache\Admin\3ebf6d507a766d02ed4c2f4ae2cd0d4c.php 第 111 行.
INFO: Run Behavior\ParseTemplateBehavior [ RunTime:0.026048s ]
INFO: [ view_parse ] --END-- [ RunTime:0.026173s ]
INFO: [ view_filter ] --START--
INFO: Run Behavior\WriteHtmlCacheBehavior [ RunTime:0.000978s ]
INFO: [ view_filter ] --END-- [ RunTime:0.001089s ]
INFO: [ app_end ] --START--
INFO: Run Behavior\ShowPageTraceBehavior [ RunTime:0.005036s ]
INFO: [ app_end ] --END-- [ RunTime:0.005194s ]

[ 2016-12-13T15:04:32+08:00 ] 127.0.0.1 /topstudent/index.php/Admin/questions/index
INFO: [ app_init ] --START--
INFO: Run Behavior\BuildLiteBehavior [ RunTime:0.000104s ]
INFO: [ app_init ] --END-- [ RunTime:0.000911s ]
INFO: [ app_begin ] --START--
INFO: Run Behavior\ReadHtmlCacheBehavior [ RunTime:0.001073s ]
INFO: [ app_begin ] --END-- [ RunTime:0.001193s ]
SQL: SHOW COLUMNS FROM `question` [ RunTime:0.0141s ]
SQL: SELECT COUNT(*) AS tp_count FROM `question` LIMIT 1   [ RunTime:0.0010s ]
SQL: SELECT * FROM `question` ORDER BY que_id LIMIT 0,4   [ RunTime:0.0008s ]
INFO: [ view_parse ] --START--
INFO: [ template_filter ] --START--
INFO: Run Behavior\ContentReplaceBehavior [ RunTime:0.000162s ]
INFO: [ template_filter ] --END-- [ RunTime:0.000295s ]
NOTIC: [8] Undefined index: adm_username E:\xuexiruanjian\HTML5\anzhuang\htdocs\topstudent\Application\Runtime\Cache\Admin\bd352ece0adfd9d39d9d75cb4446efee.php 第 18 行.
INFO: Run Behavior\ParseTemplateBehavior [ RunTime:0.020554s ]
INFO: [ view_parse ] --END-- [ RunTime:0.020684s ]
INFO: [ view_filter ] --START--
INFO: Run Behavior\WriteHtmlCacheBehavior [ RunTime:0.000764s ]
INFO: [ view_filter ] --END-- [ RunTime:0.000881s ]
INFO: [ app_end ] --START--
INFO: Run Behavior\ShowPageTraceBehavior [ RunTime:0.001361s ]
INFO: [ app_end ] --END-- [ RunTime:0.001524s ]

[ 2016-12-13T15:04:33+08:00 ] 127.0.0.1 /topstudent/index.php/Admin/answers/index
INFO: [ app_init ] --START--
INFO: Run Behavior\BuildLiteBehavior [ RunTime:0.000029s ]
INFO: [ app_init ] --END-- [ RunTime:0.001027s ]
INFO: [ app_begin ] --START--
INFO: Run Behavior\ReadHtmlCacheBehavior [ RunTime:0.001214s ]
INFO: [ app_begin ] --END-- [ RunTime:0.001335s ]
SQL: SHOW COLUMNS FROM `question` [ RunTime:0.0138s ]
SQL: SELECT COUNT(*) AS tp_count FROM `question` RIGHT JOIN answer ON question.que_id = answer.ans_que_id  LIMIT 1   [ RunTime:0.0008s ]
SQL: SELECT answer.content as ans_content,question.content as que_content,answer.publish as ans_publish,question.publish as que_publish,answer.ans_username,question.que_id,answer.ans_que_id,answer.ans_id FROM `question` RIGHT JOIN answer ON question.que_id = answer.ans_que_id  LIMIT 0,4   [ RunTime:0.0009s ]
INFO: [ view_parse ] --START--
INFO: [ template_filter ] --START--
INFO: Run Behavior\ContentReplaceBehavior [ RunTime:0.000163s ]
INFO: [ template_filter ] --END-- [ RunTime:0.000444s ]
NOTIC: [8] Undefined index: adm_username E:\xuexiruanjian\HTML5\anzhuang\htdocs\topstudent\Application\Runtime\Cache\Admin\3ebf6d507a766d02ed4c2f4ae2cd0d4c.php 第 18 行.
NOTIC: [8] Undefined variable: data E:\xuexiruanjian\HTML5\anzhuang\htdocs\topstudent\Application\Runtime\Cache\Admin\3ebf6d507a766d02ed4c2f4ae2cd0d4c.php 第 96 行.
NOTIC: [8] Undefined variable: data E:\xuexiruanjian\HTML5\anzhuang\htdocs\topstudent\Application\Runtime\Cache\Admin\3ebf6d507a766d02ed4c2f4ae2cd0d4c.php 第 96 行.
NOTIC: [8] Undefined index: content E:\xuexiruanjian\HTML5\anzhuang\htdocs\topstudent\Application\Runtime\Cache\Admin\3ebf6d507a766d02ed4c2f4ae2cd0d4c.php 第 110 行.
NOTIC: [8] Undefined index: content E:\xuexiruanjian\HTML5\anzhuang\htdocs\topstudent\Application\Runtime\Cache\Admin\3ebf6d507a766d02ed4c2f4ae2cd0d4c.php 第 111 行.
NOTIC: [8] Undefined index: content E:\xuexiruanjian\HTML5\anzhuang\htdocs\topstudent\Application\Runtime\Cache\Admin\3ebf6d507a766d02ed4c2f4ae2cd0d4c.php 第 111 行.
NOTIC: [8] Undefined index: content E:\xuexiruanjian\HTML5\anzhuang\htdocs\topstudent\Application\Runtime\Cache\Admin\3ebf6d507a766d02ed4c2f4ae2cd0d4c.php 第 110 行.
NOTIC: [8] Undefined index: content E:\xuexiruanjian\HTML5\anzhuang\htdocs\topstudent\Application\Runtime\Cache\Admin\3ebf6d507a766d02ed4c2f4ae2cd0d4c.php 第 111 行.
NOTIC: [8] Undefined index: content E:\xuexiruanjian\HTML5\anzhuang\htdocs\topstudent\Application\Runtime\Cache\Admin\3ebf6d507a766d02ed4c2f4ae2cd0d4c.php 第 111 行.
NOTIC: [8] Undefined index: content E:\xuexiruanjian\HTML5\anzhuang\htdocs\topstudent\Application\Runtime\Cache\Admin\3ebf6d507a766d02ed4c2f4ae2cd0d4c.php 第 110 行.
NOTIC: [8] Undefined index: content E:\xuexiruanjian\HTML5\anzhuang\htdocs\topstudent\Application\Runtime\Cache\Admin\3ebf6d507a766d02ed4c2f4ae2cd0d4c.php 第 111 行.
NOTIC: [8] Undefined index: content E:\xuexiruanjian\HTML5\anzhuang\htdocs\topstudent\Application\Runtime\Cache\Admin\3ebf6d507a766d02ed4c2f4ae2cd0d4c.php 第 111 行.
NOTIC: [8] Undefined index: content E:\xuexiruanjian\HTML5\anzhuang\htdocs\topstudent\Application\Runtime\Cache\Admin\3ebf6d507a766d02ed4c2f4ae2cd0d4c.php 第 110 行.
NOTIC: [8] Undefined index: content E:\xuexiruanjian\HTML5\anzhuang\htdocs\topstudent\Application\Runtime\Cache\Admin\3ebf6d507a766d02ed4c2f4ae2cd0d4c.php 第 111 行.
NOTIC: [8] Undefined index: content E:\xuexiruanjian\HTML5\anzhuang\htdocs\topstudent\Application\Runtime\Cache\Admin\3ebf6d507a766d02ed4c2f4ae2cd0d4c.php 第 111 行.
INFO: Run Behavior\ParseTemplateBehavior [ RunTime:0.026457s ]
INFO: [ view_parse ] --END-- [ RunTime:0.026579s ]
INFO: [ view_filter ] --START--
INFO: Run Behavior\WriteHtmlCacheBehavior [ RunTime:0.000700s ]
INFO: [ view_filter ] --END-- [ RunTime:0.000808s ]
INFO: [ app_end ] --START--
INFO: Run Behavior\ShowPageTraceBehavior [ RunTime:0.001582s ]
INFO: [ app_end ] --END-- [ RunTime:0.001806s ]

[ 2016-12-13T15:04:34+08:00 ] 127.0.0.1 /topstudent/index.php/Admin/questions/index
INFO: [ app_init ] --START--
INFO: Run Behavior\BuildLiteBehavior [ RunTime:0.000029s ]
INFO: [ app_init ] --END-- [ RunTime:0.000932s ]
INFO: [ app_begin ] --START--
INFO: Run Behavior\ReadHtmlCacheBehavior [ RunTime:0.001083s ]
INFO: [ app_begin ] --END-- [ RunTime:0.001204s ]
SQL: SHOW COLUMNS FROM `question` [ RunTime:0.0135s ]
SQL: SELECT COUNT(*) AS tp_count FROM `question` LIMIT 1   [ RunTime:0.0008s ]
SQL: SELECT * FROM `question` ORDER BY que_id LIMIT 0,4   [ RunTime:0.0010s ]
INFO: [ view_parse ] --START--
INFO: [ template_filter ] --START--
INFO: Run Behavior\ContentReplaceBehavior [ RunTime:0.000153s ]
INFO: [ template_filter ] --END-- [ RunTime:0.000280s ]
NOTIC: [8] Undefined index: adm_username E:\xuexiruanjian\HTML5\anzhuang\htdocs\topstudent\Application\Runtime\Cache\Admin\bd352ece0adfd9d39d9d75cb4446efee.php 第 18 行.
INFO: Run Behavior\ParseTemplateBehavior [ RunTime:0.020658s ]
INFO: [ view_parse ] --END-- [ RunTime:0.020779s ]
INFO: [ view_filter ] --START--
INFO: Run Behavior\WriteHtmlCacheBehavior [ RunTime:0.000617s ]
INFO: [ view_filter ] --END-- [ RunTime:0.000719s ]
INFO: [ app_end ] --START--
INFO: Run Behavior\ShowPageTraceBehavior [ RunTime:0.001826s ]
INFO: [ app_end ] --END-- [ RunTime:0.001977s ]

[ 2016-12-13T15:04:36+08:00 ] 127.0.0.1 /topstudent/index.php/Admin/answers/index
INFO: [ app_init ] --START--
INFO: Run Behavior\BuildLiteBehavior [ RunTime:0.000032s ]
INFO: [ app_init ] --END-- [ RunTime:0.001009s ]
INFO: [ app_begin ] --START--
INFO: Run Behavior\ReadHtmlCacheBehavior [ RunTime:0.001245s ]
INFO: [ app_begin ] --END-- [ RunTime:0.001376s ]
SQL: SHOW COLUMNS FROM `question` [ RunTime:0.0153s ]
SQL: SELECT COUNT(*) AS tp_count FROM `question` RIGHT JOIN answer ON question.que_id = answer.ans_que_id  LIMIT 1   [ RunTime:0.0009s ]
SQL: SELECT answer.content as ans_content,question.content as que_content,answer.publish as ans_publish,question.publish as que_publish,answer.ans_username,question.que_id,answer.ans_que_id,answer.ans_id FROM `question` RIGHT JOIN answer ON question.que_id = answer.ans_que_id  LIMIT 0,4   [ RunTime:0.0015s ]
INFO: [ view_parse ] --START--
INFO: [ template_filter ] --START--
INFO: Run Behavior\ContentReplaceBehavior [ RunTime:0.000166s ]
INFO: [ template_filter ] --END-- [ RunTime:0.000299s ]
NOTIC: [8] Undefined index: adm_username E:\xuexiruanjian\HTML5\anzhuang\htdocs\topstudent\Application\Runtime\Cache\Admin\3ebf6d507a766d02ed4c2f4ae2cd0d4c.php 第 18 行.
NOTIC: [8] Undefined variable: data E:\xuexiruanjian\HTML5\anzhuang\htdocs\topstudent\Application\Runtime\Cache\Admin\3ebf6d507a766d02ed4c2f4ae2cd0d4c.php 第 96 行.
NOTIC: [8] Undefined variable: data E:\xuexiruanjian\HTML5\anzhuang\htdocs\topstudent\Application\Runtime\Cache\Admin\3ebf6d507a766d02ed4c2f4ae2cd0d4c.php 第 96 行.
NOTIC: [8] Undefined index: content E:\xuexiruanjian\HTML5\anzhuang\htdocs\topstudent\Application\Runtime\Cache\Admin\3ebf6d507a766d02ed4c2f4ae2cd0d4c.php 第 110 行.
NOTIC: [8] Undefined index: content E:\xuexiruanjian\HTML5\anzhuang\htdocs\topstudent\Application\Runtime\Cache\Admin\3ebf6d507a766d02ed4c2f4ae2cd0d4c.php 第 111 行.
NOTIC: [8] Undefined index: content E:\xuexiruanjian\HTML5\anzhuang\htdocs\topstudent\Application\Runtime\Cache\Admin\3ebf6d507a766d02ed4c2f4ae2cd0d4c.php 第 111 行.
NOTIC: [8] Undefined index: content E:\xuexiruanjian\HTML5\anzhuang\htdocs\topstudent\Application\Runtime\Cache\Admin\3ebf6d507a766d02ed4c2f4ae2cd0d4c.php 第 110 行.
NOTIC: [8] Undefined index: content E:\xuexiruanjian\HTML5\anzhuang\htdocs\topstudent\Application\Runtime\Cache\Admin\3ebf6d507a766d02ed4c2f4ae2cd0d4c.php 第 111 行.
NOTIC: [8] Undefined index: content E:\xuexiruanjian\HTML5\anzhuang\htdocs\topstudent\Application\Runtime\Cache\Admin\3ebf6d507a766d02ed4c2f4ae2cd0d4c.php 第 111 行.
NOTIC: [8] Undefined index: content E:\xuexiruanjian\HTML5\anzhuang\htdocs\topstudent\Application\Runtime\Cache\Admin\3ebf6d507a766d02ed4c2f4ae2cd0d4c.php 第 110 行.
NOTIC: [8] Undefined index: content E:\xuexiruanjian\HTML5\anzhuang\htdocs\topstudent\Application\Runtime\Cache\Admin\3ebf6d507a766d02ed4c2f4ae2cd0d4c.php 第 111 行.
NOTIC: [8] Undefined index: content E:\xuexiruanjian\HTML5\anzhuang\htdocs\topstudent\Application\Runtime\Cache\Admin\3ebf6d507a766d02ed4c2f4ae2cd0d4c.php 第 111 行.
NOTIC: [8] Undefined index: content E:\xuexiruanjian\HTML5\anzhuang\htdocs\topstudent\Application\Runtime\Cache\Admin\3ebf6d507a766d02ed4c2f4ae2cd0d4c.php 第 110 行.
NOTIC: [8] Undefined index: content E:\xuexiruanjian\HTML5\anzhuang\htdocs\topstudent\Application\Runtime\Cache\Admin\3ebf6d507a766d02ed4c2f4ae2cd0d4c.php 第 111 行.
NOTIC: [8] Undefined index: content E:\xuexiruanjian\HTML5\anzhuang\htdocs\topstudent\Application\Runtime\Cache\Admin\3ebf6d507a766d02ed4c2f4ae2cd0d4c.php 第 111 行.
INFO: Run Behavior\ParseTemplateBehavior [ RunTime:0.028140s ]
INFO: [ view_parse ] --END-- [ RunTime:0.028269s ]
INFO: [ view_filter ] --START--
INFO: Run Behavior\WriteHtmlCacheBehavior [ RunTime:0.000691s ]
INFO: [ view_filter ] --END-- [ RunTime:0.000796s ]
INFO: [ app_end ] --START--
INFO: Run Behavior\ShowPageTraceBehavior [ RunTime:0.001365s ]
INFO: [ app_end ] --END-- [ RunTime:0.001515s ]

[ 2016-12-13T15:04:37+08:00 ] 127.0.0.1 /topstudent/index.php/Admin/questions/index
INFO: [ app_init ] --START--
INFO: Run Behavior\BuildLiteBehavior [ RunTime:0.000030s ]
INFO: [ app_init ] --END-- [ RunTime:0.000815s ]
INFO: [ app_begin ] --START--
INFO: Run Behavior\ReadHtmlCacheBehavior [ RunTime:0.001189s ]
INFO: [ app_begin ] --END-- [ RunTime:0.001315s ]
SQL: SHOW COLUMNS FROM `question` [ RunTime:0.0152s ]
SQL: SELECT COUNT(*) AS tp_count FROM `question` LIMIT 1   [ RunTime:0.0018s ]
SQL: SELECT * FROM `question` ORDER BY que_id LIMIT 0,4   [ RunTime:0.0012s ]
INFO: [ view_parse ] --START--
INFO: [ template_filter ] --START--
INFO: Run Behavior\ContentReplaceBehavior [ RunTime:0.000162s ]
INFO: [ template_filter ] --END-- [ RunTime:0.000303s ]
NOTIC: [8] Undefined index: adm_username E:\xuexiruanjian\HTML5\anzhuang\htdocs\topstudent\Application\Runtime\Cache\Admin\bd352ece0adfd9d39d9d75cb4446efee.php 第 18 行.
INFO: Run Behavior\ParseTemplateBehavior [ RunTime:0.024849s ]
INFO: [ view_parse ] --END-- [ RunTime:0.024975s ]
INFO: [ view_filter ] --START--
INFO: Run Behavior\WriteHtmlCacheBehavior [ RunTime:0.000640s ]
INFO: [ view_filter ] --END-- [ RunTime:0.000749s ]
INFO: [ app_end ] --START--
INFO: Run Behavior\ShowPageTraceBehavior [ RunTime:0.001412s ]
INFO: [ app_end ] --END-- [ RunTime:0.001549s ]

[ 2016-12-13T15:05:02+08:00 ] 127.0.0.1 /topstudent/index.php/Admin/Questions/index/p/2
INFO: [ app_init ] --START--
INFO: Run Behavior\BuildLiteBehavior [ RunTime:0.000230s ]
INFO: [ app_init ] --END-- [ RunTime:0.001829s ]
INFO: [ app_begin ] --START--
INFO: Run Behavior\ReadHtmlCacheBehavior [ RunTime:0.001289s ]
INFO: [ app_begin ] --END-- [ RunTime:0.001430s ]
SQL: SHOW COLUMNS FROM `question` [ RunTime:0.0159s ]
SQL: SELECT COUNT(*) AS tp_count FROM `question` LIMIT 1   [ RunTime:0.0009s ]
SQL: SELECT * FROM `question` ORDER BY que_id LIMIT 4,4   [ RunTime:0.0008s ]
INFO: [ view_parse ] --START--
INFO: [ template_filter ] --START--
INFO: Run Behavior\ContentReplaceBehavior [ RunTime:0.000150s ]
INFO: [ template_filter ] --END-- [ RunTime:0.000266s ]
NOTIC: [8] Undefined index: adm_username E:\xuexiruanjian\HTML5\anzhuang\htdocs\topstudent\Application\Runtime\Cache\Admin\bd352ece0adfd9d39d9d75cb4446efee.php 第 18 行.
INFO: Run Behavior\ParseTemplateBehavior [ RunTime:0.020906s ]
INFO: [ view_parse ] --END-- [ RunTime:0.021029s ]
INFO: [ view_filter ] --START--
INFO: Run Behavior\WriteHtmlCacheBehavior [ RunTime:0.000784s ]
INFO: [ view_filter ] --END-- [ RunTime:0.000902s ]
INFO: [ app_end ] --START--
INFO: Run Behavior\ShowPageTraceBehavior [ RunTime:0.001218s ]
INFO: [ app_end ] --END-- [ RunTime:0.001342s ]

[ 2016-12-13T15:05:03+08:00 ] 127.0.0.1 /topstudent/index.php/Admin/Questions/index/p/1
INFO: [ app_init ] --START--
INFO: Run Behavior\BuildLiteBehavior [ RunTime:0.000030s ]
INFO: [ app_init ] --END-- [ RunTime:0.000880s ]
INFO: [ app_begin ] --START--
INFO: Run Behavior\ReadHtmlCacheBehavior [ RunTime:0.001141s ]
INFO: [ app_begin ] --END-- [ RunTime:0.001279s ]
SQL: SHOW COLUMNS FROM `question` [ RunTime:0.0148s ]
SQL: SELECT COUNT(*) AS tp_count FROM `question` LIMIT 1   [ RunTime:0.0009s ]
SQL: SELECT * FROM `question` ORDER BY que_id LIMIT 0,4   [ RunTime:0.0011s ]
INFO: [ view_parse ] --START--
INFO: [ template_filter ] --START--
INFO: Run Behavior\ContentReplaceBehavior [ RunTime:0.000152s ]
INFO: [ template_filter ] --END-- [ RunTime:0.000275s ]
NOTIC: [8] Undefined index: adm_username E:\xuexiruanjian\HTML5\anzhuang\htdocs\topstudent\Application\Runtime\Cache\Admin\bd352ece0adfd9d39d9d75cb4446efee.php 第 18 行.
INFO: Run Behavior\ParseTemplateBehavior [ RunTime:0.021280s ]
INFO: [ view_parse ] --END-- [ RunTime:0.021399s ]
INFO: [ view_filter ] --START--
INFO: Run Behavior\WriteHtmlCacheBehavior [ RunTime:0.000640s ]
INFO: [ view_filter ] --END-- [ RunTime:0.000743s ]
INFO: [ app_end ] --START--
INFO: Run Behavior\ShowPageTraceBehavior [ RunTime:0.001232s ]
INFO: [ app_end ] --END-- [ RunTime:0.001367s ]

[ 2016-12-13T15:21:54+08:00 ] 127.0.0.1 /topstudent/index.php/Admin/tests/index
INFO: [ app_init ] --START--
INFO: Run Behavior\BuildLiteBehavior [ RunTime:0.000029s ]
INFO: [ app_init ] --END-- [ RunTime:0.000936s ]
INFO: [ app_begin ] --START--
INFO: Run Behavior\ReadHtmlCacheBehavior [ RunTime:0.001427s ]
INFO: [ app_begin ] --END-- [ RunTime:0.001555s ]
SQL: SHOW COLUMNS FROM `tests` [ RunTime:0.0161s ]
SQL: SELECT COUNT(*) AS tp_count FROM `tests` LIMIT 1   [ RunTime:0.0008s ]
SQL: SELECT * FROM `tests` ORDER BY test_publish desc LIMIT 0,3   [ RunTime:0.0018s ]
INFO: [ view_parse ] --START--
INFO: [ template_filter ] --START--
INFO: Run Behavior\ContentReplaceBehavior [ RunTime:0.000147s ]
INFO: [ template_filter ] --END-- [ RunTime:0.000274s ]
NOTIC: [8] Undefined index: adm_username E:\xuexiruanjian\HTML5\anzhuang\htdocs\topstudent\Application\Runtime\Cache\Admin\d6337019cac6b3266d40126d50e9216a.php 第 16 行.
INFO: Run Behavior\ParseTemplateBehavior [ RunTime:0.023093s ]
INFO: [ view_parse ] --END-- [ RunTime:0.023241s ]
INFO: [ view_filter ] --START--
INFO: Run Behavior\WriteHtmlCacheBehavior [ RunTime:0.001044s ]
INFO: [ view_filter ] --END-- [ RunTime:0.001157s ]
INFO: [ app_end ] --START--
INFO: Run Behavior\ShowPageTraceBehavior [ RunTime:0.001366s ]
INFO: [ app_end ] --END-- [ RunTime:0.001471s ]

[ 2016-12-13T15:31:44+08:00 ] 127.0.0.1 /topstudent/index.php/Admin/questions
INFO: [ app_init ] --START--
INFO: Run Behavior\BuildLiteBehavior [ RunTime:0.000031s ]
INFO: [ app_init ] --END-- [ RunTime:0.001337s ]
INFO: [ app_begin ] --START--
INFO: Run Behavior\ReadHtmlCacheBehavior [ RunTime:0.002043s ]
INFO: [ app_begin ] --END-- [ RunTime:0.002666s ]
SQL: SHOW COLUMNS FROM `question` [ RunTime:0.0171s ]
SQL: SELECT COUNT(*) AS tp_count FROM `question` LIMIT 1   [ RunTime:0.0027s ]
SQL: SELECT * FROM `question` ORDER BY que_id LIMIT 0,4   [ RunTime:0.0009s ]
INFO: [ view_parse ] --START--
INFO: [ template_filter ] --START--
INFO: Run Behavior\ContentReplaceBehavior [ RunTime:0.000151s ]
INFO: [ template_filter ] --END-- [ RunTime:0.000314s ]
NOTIC: [8] Undefined index: adm_username E:\xuexiruanjian\HTML5\anzhuang\htdocs\topstudent\Application\Runtime\Cache\Admin\bd352ece0adfd9d39d9d75cb4446efee.php 第 18 行.
INFO: Run Behavior\ParseTemplateBehavior [ RunTime:0.023557s ]
INFO: [ view_parse ] --END-- [ RunTime:0.023720s ]
INFO: [ view_filter ] --START--
INFO: Run Behavior\WriteHtmlCacheBehavior [ RunTime:0.000606s ]
INFO: [ view_filter ] --END-- [ RunTime:0.000704s ]
INFO: [ app_end ] --START--
INFO: Run Behavior\ShowPageTraceBehavior [ RunTime:0.003724s ]
INFO: [ app_end ] --END-- [ RunTime:0.003887s ]

[ 2016-12-13T15:31:48+08:00 ] 127.0.0.1 /topstudent/index.php/Admin/tests/index
INFO: [ app_init ] --START--
INFO: Run Behavior\BuildLiteBehavior [ RunTime:0.000039s ]
INFO: [ app_init ] --END-- [ RunTime:0.001148s ]
INFO: [ app_begin ] --START--
INFO: Run Behavior\ReadHtmlCacheBehavior [ RunTime:0.001153s ]
INFO: [ app_begin ] --END-- [ RunTime:0.001294s ]
INFO: [ view_parse ] --START--
INFO: [ template_filter ] --START--
INFO: Run Behavior\ContentReplaceBehavior [ RunTime:0.000083s ]
INFO: [ template_filter ] --END-- [ RunTime:0.000202s ]
INFO: Run Behavior\ParseTemplateBehavior [ RunTime:0.012463s ]
INFO: [ view_parse ] --END-- [ RunTime:0.012611s ]
INFO: [ view_filter ] --START--
INFO: Run Behavior\WriteHtmlCacheBehavior [ RunTime:0.000644s ]
INFO: [ view_filter ] --END-- [ RunTime:0.000766s ]

[ 2016-12-13T15:31:51+08:00 ] 127.0.0.1 /topstudent/index.php/Admin/Admins/login
INFO: [ app_init ] --START--
INFO: Run Behavior\BuildLiteBehavior [ RunTime:0.000054s ]
INFO: [ app_init ] --END-- [ RunTime:0.004260s ]
INFO: [ app_begin ] --START--
INFO: Run Behavior\ReadHtmlCacheBehavior [ RunTime:0.001151s ]
INFO: [ app_begin ] --END-- [ RunTime:0.001537s ]
INFO: [ view_parse ] --START--
INFO: [ template_filter ] --START--
INFO: Run Behavior\ContentReplaceBehavior [ RunTime:0.000104s ]
INFO: [ template_filter ] --END-- [ RunTime:0.000234s ]
INFO: Run Behavior\ParseTemplateBehavior [ RunTime:0.015158s ]
INFO: [ view_parse ] --END-- [ RunTime:0.015294s ]
INFO: [ view_filter ] --START--
INFO: Run Behavior\WriteHtmlCacheBehavior [ RunTime:0.000635s ]
INFO: [ view_filter ] --END-- [ RunTime:0.000740s ]
INFO: [ app_end ] --START--
INFO: Run Behavior\ShowPageTraceBehavior [ RunTime:0.001580s ]
INFO: [ app_end ] --END-- [ RunTime:0.001706s ]

[ 2016-12-13T15:32:02+08:00 ] 127.0.0.1 /topstudent/index.php/Admin/Admins/login
INFO: [ app_init ] --START--
INFO: Run Behavior\BuildLiteBehavior [ RunTime:0.000031s ]
INFO: [ app_init ] --END-- [ RunTime:0.001051s ]
INFO: [ app_begin ] --START--
INFO: Run Behavior\ReadHtmlCacheBehavior [ RunTime:0.001310s ]
INFO: [ app_begin ] --END-- [ RunTime:0.001456s ]
SQL: SHOW COLUMNS FROM `administrator` [ RunTime:0.0153s ]
SQL: SELECT COUNT(*) AS tp_count FROM `administrator` WHERE `adm_username` = 'admin' AND `adm_password` = 'admin' LIMIT 1   [ RunTime:0.0008s ]
INFO: [ view_parse ] --START--
INFO: [ template_filter ] --START--
INFO: Run Behavior\ContentReplaceBehavior [ RunTime:0.000087s ]
INFO: [ template_filter ] --END-- [ RunTime:0.000213s ]
INFO: Run Behavior\ParseTemplateBehavior [ RunTime:0.017300s ]
INFO: [ view_parse ] --END-- [ RunTime:0.017475s ]
INFO: [ view_filter ] --START--
INFO: Run Behavior\WriteHtmlCacheBehavior [ RunTime:0.000753s ]
INFO: [ view_filter ] --END-- [ RunTime:0.000884s ]
INFO: [ app_end ] --START--
INFO: Run Behavior\ShowPageTraceBehavior [ RunTime:0.001375s ]
INFO: [ app_end ] --END-- [ RunTime:0.001489s ]

[ 2016-12-13T15:32:04+08:00 ] 127.0.0.1 /topstudent/index.php/Admin/videos/index
INFO: [ app_init ] --START--
INFO: Run Behavior\BuildLiteBehavior [ RunTime:0.000038s ]
INFO: [ app_init ] --END-- [ RunTime:0.001175s ]
INFO: [ app_begin ] --START--
INFO: Run Behavior\ReadHtmlCacheBehavior [ RunTime:0.002020s ]
INFO: [ app_begin ] --END-- [ RunTime:0.002157s ]
SQL: SHOW COLUMNS FROM `videos` [ RunTime:0.0138s ]
SQL: SELECT * FROM `videos`  [ RunTime:0.0007s ]
SQL: SELECT COUNT(*) AS tp_count FROM `videos` LIMIT 1   [ RunTime:0.0005s ]
SQL: SELECT * FROM `videos` ORDER BY video_id LIMIT 0,4   [ RunTime:0.0008s ]
INFO: [ view_parse ] --START--
INFO: [ template_filter ] --START--
INFO: Run Behavior\ContentReplaceBehavior [ RunTime:0.000317s ]
INFO: [ template_filter ] --END-- [ RunTime:0.000604s ]
INFO: Run Behavior\ParseTemplateBehavior [ RunTime:0.033368s ]
INFO: [ view_parse ] --END-- [ RunTime:0.033513s ]
INFO: [ view_filter ] --START--
INFO: Run Behavior\WriteHtmlCacheBehavior [ RunTime:0.000981s ]
INFO: [ view_filter ] --END-- [ RunTime:0.001147s ]
INFO: [ app_end ] --START--
INFO: Run Behavior\ShowPageTraceBehavior [ RunTime:0.001385s ]
INFO: [ app_end ] --END-- [ RunTime:0.001509s ]

[ 2016-12-13T15:32:08+08:00 ] 127.0.0.1 /topstudent/index.php/Admin/tests/index
INFO: [ app_init ] --START--
INFO: Run Behavior\BuildLiteBehavior [ RunTime:0.000030s ]
INFO: [ app_init ] --END-- [ RunTime:0.000957s ]
INFO: [ app_begin ] --START--
INFO: Run Behavior\ReadHtmlCacheBehavior [ RunTime:0.001291s ]
INFO: [ app_begin ] --END-- [ RunTime:0.001432s ]
SQL: SHOW COLUMNS FROM `tests` [ RunTime:0.0137s ]
SQL: SELECT COUNT(*) AS tp_count FROM `tests` LIMIT 1   [ RunTime:0.0010s ]
SQL: SELECT * FROM `tests` ORDER BY test_publish desc LIMIT 0,3   [ RunTime:0.0008s ]
INFO: [ view_parse ] --START--
INFO: [ template_filter ] --START--
INFO: Run Behavior\ContentReplaceBehavior [ RunTime:0.000203s ]
INFO: [ template_filter ] --END-- [ RunTime:0.000352s ]
INFO: Run Behavior\ParseTemplateBehavior [ RunTime:0.020086s ]
INFO: [ view_parse ] --END-- [ RunTime:0.020225s ]
INFO: [ view_filter ] --START--
INFO: Run Behavior\WriteHtmlCacheBehavior [ RunTime:0.000602s ]
INFO: [ view_filter ] --END-- [ RunTime:0.000704s ]
INFO: [ app_end ] --START--
INFO: Run Behavior\ShowPageTraceBehavior [ RunTime:0.001157s ]
INFO: [ app_end ] --END-- [ RunTime:0.001261s ]

[ 2016-12-13T15:32:11+08:00 ] 127.0.0.1 /topstudent/index.php/Admin/Tests/edit/id/2
INFO: [ app_init ] --START--
INFO: Run Behavior\BuildLiteBehavior [ RunTime:0.000029s ]
INFO: [ app_init ] --END-- [ RunTime:0.000957s ]
INFO: [ app_begin ] --START--
INFO: Run Behavior\ReadHtmlCacheBehavior [ RunTime:0.001754s ]
INFO: [ app_begin ] --END-- [ RunTime:0.002026s ]
SQL: SHOW COLUMNS FROM `tests` [ RunTime:0.0151s ]
SQL: SELECT * FROM `tests` WHERE `test_id` = 2 LIMIT 1   [ RunTime:0.0008s ]
INFO: [ view_parse ] --START--
INFO: [ template_filter ] --START--
INFO: Run Behavior\ContentReplaceBehavior [ RunTime:0.000142s ]
INFO: [ template_filter ] --END-- [ RunTime:0.000267s ]
INFO: Run Behavior\ParseTemplateBehavior [ RunTime:0.017678s ]
INFO: [ view_parse ] --END-- [ RunTime:0.017817s ]
INFO: [ view_filter ] --START--
INFO: Run Behavior\WriteHtmlCacheBehavior [ RunTime:0.000710s ]
INFO: [ view_filter ] --END-- [ RunTime:0.000815s ]
INFO: [ app_end ] --START--
INFO: Run Behavior\ShowPageTraceBehavior [ RunTime:0.001340s ]
INFO: [ app_end ] --END-- [ RunTime:0.001462s ]

[ 2016-12-13T15:32:28+08:00 ] 127.0.0.1 /topstudent/index.php/Admin/tests/save
INFO: [ app_init ] --START--
INFO: Run Behavior\BuildLiteBehavior [ RunTime:0.000029s ]
INFO: [ app_init ] --END-- [ RunTime:0.000899s ]
INFO: [ app_begin ] --START--
INFO: Run Behavior\ReadHtmlCacheBehavior [ RunTime:0.001147s ]
INFO: [ app_begin ] --END-- [ RunTime:0.001342s ]
NOTIC: [2] call_user_func() expects parameter 1 to be a valid callback, no array or string given E:\xuexiruanjian\HTML5\anzhuang\htdocs\topstudent\ThinkPHP\Library\Think\Upload.class.php 第 170 行.
NOTIC: [8] Undefined variable: i E:\xuexiruanjian\HTML5\anzhuang\htdocs\topstudent\Application\Admin\Controller\TestsController.class.php 第 79 行.
SQL: SHOW COLUMNS FROM `tests` [ RunTime:0.0137s ]
NOTIC: [8] Undefined index: validate E:\xuexiruanjian\HTML5\anzhuang\htdocs\topstudent\ThinkPHP\Library\Think\Model.class.php 第 1185 行.
NOTIC: [8] Undefined index: auto E:\xuexiruanjian\HTML5\anzhuang\htdocs\topstudent\ThinkPHP\Library\Think\Model.class.php 第 1128 行.
INFO: [ view_parse ] --START--
INFO: [ template_filter ] --START--
INFO: Run Behavior\ContentReplaceBehavior [ RunTime:0.000099s ]
INFO: [ template_filter ] --END-- [ RunTime:0.000263s ]
INFO: Run Behavior\ParseTemplateBehavior [ RunTime:0.014880s ]
INFO: [ view_parse ] --END-- [ RunTime:0.015021s ]
INFO: [ view_filter ] --START--
INFO: Run Behavior\WriteHtmlCacheBehavior [ RunTime:0.000612s ]
INFO: [ view_filter ] --END-- [ RunTime:0.000714s ]

[ 2016-12-13T15:32:31+08:00 ] 127.0.0.1 /topstudent/index.php/Admin/Tests/create
INFO: [ app_init ] --START--
INFO: Run Behavior\BuildLiteBehavior [ RunTime:0.000028s ]
INFO: [ app_init ] --END-- [ RunTime:0.000875s ]
INFO: [ app_begin ] --START--
INFO: Run Behavior\ReadHtmlCacheBehavior [ RunTime:0.001158s ]
INFO: [ app_begin ] --END-- [ RunTime:0.001298s ]
SQL: SHOW COLUMNS FROM `tests` [ RunTime:0.0153s ]
NOTIC: [8] Undefined index: test_id E:\xuexiruanjian\HTML5\anzhuang\htdocs\topstudent\Application\Admin\Controller\TestsController.class.php 第 51 行.
SQL: SELECT * FROM `tests` LIMIT 1   [ RunTime:0.0010s ]
INFO: [ view_parse ] --START--
INFO: [ template_filter ] --START--
INFO: Run Behavior\ContentReplaceBehavior [ RunTime:0.000138s ]
INFO: [ template_filter ] --END-- [ RunTime:0.000263s ]
NOTIC: [8] Undefined index: book_img E:\xuexiruanjian\HTML5\anzhuang\htdocs\topstudent\Application\Runtime\Cache\Admin\f7575c21d0e41be021294aa095748bac.php 第 86 行.
INFO: Run Behavior\ParseTemplateBehavior [ RunTime:0.017180s ]
INFO: [ view_parse ] --END-- [ RunTime:0.017306s ]
INFO: [ view_filter ] --START--
INFO: Run Behavior\WriteHtmlCacheBehavior [ RunTime:0.000661s ]
INFO: [ view_filter ] --END-- [ RunTime:0.000764s ]
INFO: [ app_end ] --START--
INFO: Run Behavior\ShowPageTraceBehavior [ RunTime:0.001358s ]
INFO: [ app_end ] --END-- [ RunTime:0.001471s ]

[ 2016-12-13T15:32:49+08:00 ] 127.0.0.1 /topstudent/index.php/Admin/tests/index
INFO: [ app_init ] --START--
INFO: Run Behavior\BuildLiteBehavior [ RunTime:0.000031s ]
INFO: [ app_init ] --END-- [ RunTime:0.000977s ]
INFO: [ app_begin ] --START--
INFO: Run Behavior\ReadHtmlCacheBehavior [ RunTime:0.001215s ]
INFO: [ app_begin ] --END-- [ RunTime:0.001366s ]
SQL: SHOW COLUMNS FROM `tests` [ RunTime:0.0135s ]
SQL: SELECT COUNT(*) AS tp_count FROM `tests` LIMIT 1   [ RunTime:0.0012s ]
SQL: SELECT * FROM `tests` ORDER BY test_publish desc LIMIT 0,3   [ RunTime:0.0008s ]
INFO: [ view_parse ] --START--
INFO: [ template_filter ] --START--
INFO: Run Behavior\ContentReplaceBehavior [ RunTime:0.000218s ]
INFO: [ template_filter ] --END-- [ RunTime:0.000670s ]
INFO: Run Behavior\ParseTemplateBehavior [ RunTime:0.019946s ]
INFO: [ view_parse ] --END-- [ RunTime:0.020089s ]
INFO: [ view_filter ] --START--
INFO: Run Behavior\WriteHtmlCacheBehavior [ RunTime:0.000817s ]
INFO: [ view_filter ] --END-- [ RunTime:0.000934s ]
INFO: [ app_end ] --START--
INFO: Run Behavior\ShowPageTraceBehavior [ RunTime:0.001825s ]
INFO: [ app_end ] --END-- [ RunTime:0.001961s ]

[ 2016-12-13T15:32:51+08:00 ] 127.0.0.1 /topstudent/index.php/Admin/Tests/edit/id/2
INFO: [ app_init ] --START--
INFO: Run Behavior\BuildLiteBehavior [ RunTime:0.000030s ]
INFO: [ app_init ] --END-- [ RunTime:0.000910s ]
INFO: [ app_begin ] --START--
INFO: Run Behavior\ReadHtmlCacheBehavior [ RunTime:0.001187s ]
INFO: [ app_begin ] --END-- [ RunTime:0.001419s ]
SQL: SHOW COLUMNS FROM `tests` [ RunTime:0.0142s ]
SQL: SELECT * FROM `tests` WHERE `test_id` = 2 LIMIT 1   [ RunTime:0.0016s ]
INFO: [ view_parse ] --START--
INFO: [ template_filter ] --START--
INFO: Run Behavior\ContentReplaceBehavior [ RunTime:0.000147s ]
INFO: [ template_filter ] --END-- [ RunTime:0.000285s ]
INFO: Run Behavior\ParseTemplateBehavior [ RunTime:0.018908s ]
INFO: [ view_parse ] --END-- [ RunTime:0.019041s ]
INFO: [ view_filter ] --START--
INFO: Run Behavior\WriteHtmlCacheBehavior [ RunTime:0.000596s ]
INFO: [ view_filter ] --END-- [ RunTime:0.000697s ]
INFO: [ app_end ] --START--
INFO: Run Behavior\ShowPageTraceBehavior [ RunTime:0.001100s ]
INFO: [ app_end ] --END-- [ RunTime:0.001207s ]

[ 2016-12-13T15:34:50+08:00 ] 127.0.0.1 /topstudent/index.php/Admin/Tests/edit/id/2
INFO: [ app_init ] --START--
INFO: Run Behavior\BuildLiteBehavior [ RunTime:0.000030s ]
INFO: [ app_init ] --END-- [ RunTime:0.000906s ]
INFO: [ app_begin ] --START--
INFO: Run Behavior\ReadHtmlCacheBehavior [ RunTime:0.001291s ]
INFO: [ app_begin ] --END-- [ RunTime:0.001427s ]
SQL: SHOW COLUMNS FROM `tests` [ RunTime:0.0137s ]
SQL: SELECT * FROM `tests` WHERE `test_id` = 2 LIMIT 1   [ RunTime:0.0008s ]
INFO: [ view_parse ] --START--
INFO: [ template_filter ] --START--
INFO: Run Behavior\ContentReplaceBehavior [ RunTime:0.000137s ]
INFO: [ template_filter ] --END-- [ RunTime:0.000261s ]
INFO: Run Behavior\ParseTemplateBehavior [ RunTime:0.017735s ]
INFO: [ view_parse ] --END-- [ RunTime:0.017906s ]
INFO: [ view_filter ] --START--
INFO: Run Behavior\WriteHtmlCacheBehavior [ RunTime:0.000755s ]
INFO: [ view_filter ] --END-- [ RunTime:0.000854s ]
INFO: [ app_end ] --START--
INFO: Run Behavior\ShowPageTraceBehavior [ RunTime:0.001226s ]
INFO: [ app_end ] --END-- [ RunTime:0.001332s ]

