[ 2016-12-12T15:20:56+08:00 ] 127.0.0.1 /topstudent/index.php/Admin/questions
INFO: [ app_init ] --START--
INFO: Run Behavior\BuildLiteBehavior [ RunTime:0.000029s ]
INFO: [ app_init ] --END-- [ RunTime:0.000963s ]
INFO: [ app_begin ] --START--
INFO: Run Behavior\ReadHtmlCacheBehavior [ RunTime:0.001109s ]
INFO: [ app_begin ] --END-- [ RunTime:0.001230s ]
SQL: SHOW COLUMNS FROM `question` [ RunTime:0.0166s ]
SQL: SELECT COUNT(*) AS tp_count FROM `question` LIMIT 1   [ RunTime:0.0011s ]
SQL: SELECT * FROM `question` ORDER BY que_id LIMIT 0,4   [ RunTime:0.0012s ]
INFO: [ view_parse ] --START--
INFO: [ template_filter ] --START--
INFO: Run Behavior\ContentReplaceBehavior [ RunTime:0.000156s ]
INFO: [ template_filter ] --END-- [ RunTime:0.000283s ]
NOTIC: [8] Undefined index: adm_username E:\xuexiruanjian\HTML5\anzhuang\htdocs\topstudent\Application\Runtime\Cache\Admin\bd352ece0adfd9d39d9d75cb4446efee.php 第 18 行.
INFO: Run Behavior\ParseTemplateBehavior [ RunTime:0.150410s ]
INFO: [ view_parse ] --END-- [ RunTime:0.150546s ]
INFO: [ view_filter ] --START--
INFO: Run Behavior\WriteHtmlCacheBehavior [ RunTime:0.028234s ]
INFO: [ view_filter ] --END-- [ RunTime:0.028358s ]
INFO: [ app_end ] --START--
INFO: Run Behavior\ShowPageTraceBehavior [ RunTime:0.027728s ]
INFO: [ app_end ] --END-- [ RunTime:0.027902s ]

[ 2016-12-12T15:21:01+08:00 ] 127.0.0.1 /topstudent/index.php/Admin/answers/index
INFO: [ app_init ] --START--
INFO: Run Behavior\BuildLiteBehavior [ RunTime:0.000030s ]
INFO: [ app_init ] --END-- [ RunTime:0.000896s ]
INFO: [ app_begin ] --START--
INFO: Run Behavior\ReadHtmlCacheBehavior [ RunTime:0.001313s ]
INFO: [ app_begin ] --END-- [ RunTime:0.001449s ]
SQL: SHOW COLUMNS FROM `question` [ RunTime:0.0193s ]
SQL: SELECT COUNT(*) AS tp_count FROM `question` RIGHT JOIN answer ON question.que_id = answer.ans_que_id  LIMIT 1   [ RunTime:0.0075s ]
SQL: SELECT answer.content as ans_content,question.content as que_content,answer.publish as ans_publish,question.publish as que_publish,answer.ans_username,question.que_id,answer.ans_que_id,answer.ans_id FROM `question` RIGHT JOIN answer ON question.que_id = answer.ans_que_id  LIMIT 0,4   [ RunTime:0.0018s ]
INFO: [ view_parse ] --START--
INFO: [ template_filter ] --START--
INFO: Run Behavior\ContentReplaceBehavior [ RunTime:0.000273s ]
INFO: [ template_filter ] --END-- [ RunTime:0.000409s ]
NOTIC: [8] Undefined index: adm_username E:\xuexiruanjian\HTML5\anzhuang\htdocs\topstudent\Application\Runtime\Cache\Admin\3ebf6d507a766d02ed4c2f4ae2cd0d4c.php 第 18 行.
NOTIC: [8] Undefined variable: data E:\xuexiruanjian\HTML5\anzhuang\htdocs\topstudent\Application\Runtime\Cache\Admin\3ebf6d507a766d02ed4c2f4ae2cd0d4c.php 第 96 行.
NOTIC: [8] Undefined variable: data E:\xuexiruanjian\HTML5\anzhuang\htdocs\topstudent\Application\Runtime\Cache\Admin\3ebf6d507a766d02ed4c2f4ae2cd0d4c.php 第 96 行.
NOTIC: [8] Undefined index: content E:\xuexiruanjian\HTML5\anzhuang\htdocs\topstudent\Application\Runtime\Cache\Admin\3ebf6d507a766d02ed4c2f4ae2cd0d4c.php 第 110 行.
NOTIC: [8] Undefined index: content E:\xuexiruanjian\HTML5\anzhuang\htdocs\topstudent\Application\Runtime\Cache\Admin\3ebf6d507a766d02ed4c2f4ae2cd0d4c.php 第 111 行.
NOTIC: [8] Undefined index: content E:\xuexiruanjian\HTML5\anzhuang\htdocs\topstudent\Application\Runtime\Cache\Admin\3ebf6d507a766d02ed4c2f4ae2cd0d4c.php 第 111 行.
NOTIC: [8] Undefined index: content E:\xuexiruanjian\HTML5\anzhuang\htdocs\topstudent\Application\Runtime\Cache\Admin\3ebf6d507a766d02ed4c2f4ae2cd0d4c.php 第 110 行.
NOTIC: [8] Undefined index: content E:\xuexiruanjian\HTML5\anzhuang\htdocs\topstudent\Application\Runtime\Cache\Admin\3ebf6d507a766d02ed4c2f4ae2cd0d4c.php 第 111 行.
NOTIC: [8] Undefined index: content E:\xuexiruanjian\HTML5\anzhuang\htdocs\topstudent\Application\Runtime\Cache\Admin\3ebf6d507a766d02ed4c2f4ae2cd0d4c.php 第 111 行.
NOTIC: [8] Undefined index: content E:\xuexiruanjian\HTML5\anzhuang\htdocs\topstudent\Application\Runtime\Cache\Admin\3ebf6d507a766d02ed4c2f4ae2cd0d4c.php 第 110 行.
NOTIC: [8] Undefined index: content E:\xuexiruanjian\HTML5\anzhuang\htdocs\topstudent\Application\Runtime\Cache\Admin\3ebf6d507a766d02ed4c2f4ae2cd0d4c.php 第 111 行.
NOTIC: [8] Undefined index: content E:\xuexiruanjian\HTML5\anzhuang\htdocs\topstudent\Application\Runtime\Cache\Admin\3ebf6d507a766d02ed4c2f4ae2cd0d4c.php 第 111 行.
NOTIC: [8] Undefined index: content E:\xuexiruanjian\HTML5\anzhuang\htdocs\topstudent\Application\Runtime\Cache\Admin\3ebf6d507a766d02ed4c2f4ae2cd0d4c.php 第 110 行.
NOTIC: [8] Undefined index: content E:\xuexiruanjian\HTML5\anzhuang\htdocs\topstudent\Application\Runtime\Cache\Admin\3ebf6d507a766d02ed4c2f4ae2cd0d4c.php 第 111 行.
NOTIC: [8] Undefined index: content E:\xuexiruanjian\HTML5\anzhuang\htdocs\topstudent\Application\Runtime\Cache\Admin\3ebf6d507a766d02ed4c2f4ae2cd0d4c.php 第 111 行.
INFO: Run Behavior\ParseTemplateBehavior [ RunTime:0.045258s ]
INFO: [ view_parse ] --END-- [ RunTime:0.045386s ]
INFO: [ view_filter ] --START--
INFO: Run Behavior\WriteHtmlCacheBehavior [ RunTime:0.000964s ]
INFO: [ view_filter ] --END-- [ RunTime:0.001084s ]
INFO: [ app_end ] --START--
INFO: Run Behavior\ShowPageTraceBehavior [ RunTime:0.002522s ]
INFO: [ app_end ] --END-- [ RunTime:0.002661s ]

[ 2016-12-12T15:21:14+08:00 ] 127.0.0.1 /topstudent/index.php/Admin/questions/index
INFO: [ app_init ] --START--
INFO: Run Behavior\BuildLiteBehavior [ RunTime:0.000034s ]
INFO: [ app_init ] --END-- [ RunTime:0.001237s ]
INFO: [ app_begin ] --START--
INFO: Run Behavior\ReadHtmlCacheBehavior [ RunTime:0.003767s ]
INFO: [ app_begin ] --END-- [ RunTime:0.003928s ]
SQL: SHOW COLUMNS FROM `question` [ RunTime:0.0206s ]
SQL: SELECT COUNT(*) AS tp_count FROM `question` LIMIT 1   [ RunTime:0.0022s ]
SQL: SELECT * FROM `question` ORDER BY que_id LIMIT 0,4   [ RunTime:0.0017s ]
INFO: [ view_parse ] --START--
INFO: [ template_filter ] --START--
INFO: Run Behavior\ContentReplaceBehavior [ RunTime:0.000159s ]
INFO: [ template_filter ] --END-- [ RunTime:0.000288s ]
NOTIC: [8] Undefined index: adm_username E:\xuexiruanjian\HTML5\anzhuang\htdocs\topstudent\Application\Runtime\Cache\Admin\bd352ece0adfd9d39d9d75cb4446efee.php 第 18 行.
INFO: Run Behavior\ParseTemplateBehavior [ RunTime:0.037839s ]
INFO: [ view_parse ] --END-- [ RunTime:0.037973s ]
INFO: [ view_filter ] --START--
INFO: Run Behavior\WriteHtmlCacheBehavior [ RunTime:0.002361s ]
INFO: [ view_filter ] --END-- [ RunTime:0.002486s ]
INFO: [ app_end ] --START--
INFO: Run Behavior\ShowPageTraceBehavior [ RunTime:0.001604s ]
INFO: [ app_end ] --END-- [ RunTime:0.001744s ]

[ 2016-12-12T15:26:19+08:00 ] 127.0.0.1 /topstudent/index.php/Admin/questions
INFO: [ app_init ] --START--
INFO: Run Behavior\BuildLiteBehavior [ RunTime:0.000033s ]
INFO: [ app_init ] --END-- [ RunTime:0.001740s ]
INFO: [ app_begin ] --START--
INFO: Run Behavior\ReadHtmlCacheBehavior [ RunTime:0.001156s ]
INFO: [ app_begin ] --END-- [ RunTime:0.001288s ]
SQL: SHOW COLUMNS FROM `question` [ RunTime:0.0161s ]
SQL: SELECT COUNT(*) AS tp_count FROM `question` LIMIT 1   [ RunTime:0.0011s ]
SQL: SELECT * FROM `question` ORDER BY que_id LIMIT 0,4   [ RunTime:0.0012s ]
INFO: [ view_parse ] --START--
INFO: [ template_filter ] --START--
INFO: Run Behavior\ContentReplaceBehavior [ RunTime:0.000150s ]
INFO: [ template_filter ] --END-- [ RunTime:0.000275s ]
NOTIC: [8] Undefined index: adm_username E:\xuexiruanjian\HTML5\anzhuang\htdocs\topstudent\Application\Runtime\Cache\Admin\bd352ece0adfd9d39d9d75cb4446efee.php 第 18 行.
INFO: Run Behavior\ParseTemplateBehavior [ RunTime:0.022126s ]
INFO: [ view_parse ] --END-- [ RunTime:0.022281s ]
INFO: [ view_filter ] --START--
INFO: Run Behavior\WriteHtmlCacheBehavior [ RunTime:0.000925s ]
INFO: [ view_filter ] --END-- [ RunTime:0.001037s ]
INFO: [ app_end ] --START--
INFO: Run Behavior\ShowPageTraceBehavior [ RunTime:0.001805s ]
INFO: [ app_end ] --END-- [ RunTime:0.001974s ]

[ 2016-12-12T15:26:22+08:00 ] 127.0.0.1 /topstudent/index.php/Admin/answers/index
INFO: [ app_init ] --START--
INFO: Run Behavior\BuildLiteBehavior [ RunTime:0.000032s ]
INFO: [ app_init ] --END-- [ RunTime:0.000883s ]
INFO: [ app_begin ] --START--
INFO: Run Behavior\ReadHtmlCacheBehavior [ RunTime:0.005540s ]
INFO: [ app_begin ] --END-- [ RunTime:0.005687s ]
SQL: SHOW COLUMNS FROM `question` [ RunTime:0.0160s ]
SQL: SELECT COUNT(*) AS tp_count FROM `question` RIGHT JOIN answer ON question.que_id = answer.ans_que_id  LIMIT 1   [ RunTime:0.0014s ]
SQL: SELECT answer.content as ans_content,question.content as que_content,answer.publish as ans_publish,question.publish as que_publish,answer.ans_username,question.que_id,answer.ans_que_id,answer.ans_id FROM `question` RIGHT JOIN answer ON question.que_id = answer.ans_que_id  LIMIT 0,4   [ RunTime:0.0020s ]
INFO: [ view_parse ] --START--
INFO: [ template_filter ] --START--
INFO: Run Behavior\ContentReplaceBehavior [ RunTime:0.000161s ]
INFO: [ template_filter ] --END-- [ RunTime:0.000281s ]
NOTIC: [8] Undefined index: adm_username E:\xuexiruanjian\HTML5\anzhuang\htdocs\topstudent\Application\Runtime\Cache\Admin\3ebf6d507a766d02ed4c2f4ae2cd0d4c.php 第 18 行.
NOTIC: [8] Undefined variable: data E:\xuexiruanjian\HTML5\anzhuang\htdocs\topstudent\Application\Runtime\Cache\Admin\3ebf6d507a766d02ed4c2f4ae2cd0d4c.php 第 96 行.
NOTIC: [8] Undefined variable: data E:\xuexiruanjian\HTML5\anzhuang\htdocs\topstudent\Application\Runtime\Cache\Admin\3ebf6d507a766d02ed4c2f4ae2cd0d4c.php 第 96 行.
NOTIC: [8] Undefined index: content E:\xuexiruanjian\HTML5\anzhuang\htdocs\topstudent\Application\Runtime\Cache\Admin\3ebf6d507a766d02ed4c2f4ae2cd0d4c.php 第 110 行.
NOTIC: [8] Undefined index: content E:\xuexiruanjian\HTML5\anzhuang\htdocs\topstudent\Application\Runtime\Cache\Admin\3ebf6d507a766d02ed4c2f4ae2cd0d4c.php 第 111 行.
NOTIC: [8] Undefined index: content E:\xuexiruanjian\HTML5\anzhuang\htdocs\topstudent\Application\Runtime\Cache\Admin\3ebf6d507a766d02ed4c2f4ae2cd0d4c.php 第 111 行.
NOTIC: [8] Undefined index: content E:\xuexiruanjian\HTML5\anzhuang\htdocs\topstudent\Application\Runtime\Cache\Admin\3ebf6d507a766d02ed4c2f4ae2cd0d4c.php 第 110 行.
NOTIC: [8] Undefined index: content E:\xuexiruanjian\HTML5\anzhuang\htdocs\topstudent\Application\Runtime\Cache\Admin\3ebf6d507a766d02ed4c2f4ae2cd0d4c.php 第 111 行.
NOTIC: [8] Undefined index: content E:\xuexiruanjian\HTML5\anzhuang\htdocs\topstudent\Application\Runtime\Cache\Admin\3ebf6d507a766d02ed4c2f4ae2cd0d4c.php 第 111 行.
NOTIC: [8] Undefined index: content E:\xuexiruanjian\HTML5\anzhuang\htdocs\topstudent\Application\Runtime\Cache\Admin\3ebf6d507a766d02ed4c2f4ae2cd0d4c.php 第 110 行.
NOTIC: [8] Undefined index: content E:\xuexiruanjian\HTML5\anzhuang\htdocs\topstudent\Application\Runtime\Cache\Admin\3ebf6d507a766d02ed4c2f4ae2cd0d4c.php 第 111 行.
NOTIC: [8] Undefined index: content E:\xuexiruanjian\HTML5\anzhuang\htdocs\topstudent\Application\Runtime\Cache\Admin\3ebf6d507a766d02ed4c2f4ae2cd0d4c.php 第 111 行.
NOTIC: [8] Undefined index: content E:\xuexiruanjian\HTML5\anzhuang\htdocs\topstudent\Application\Runtime\Cache\Admin\3ebf6d507a766d02ed4c2f4ae2cd0d4c.php 第 110 行.
NOTIC: [8] Undefined index: content E:\xuexiruanjian\HTML5\anzhuang\htdocs\topstudent\Application\Runtime\Cache\Admin\3ebf6d507a766d02ed4c2f4ae2cd0d4c.php 第 111 行.
NOTIC: [8] Undefined index: content E:\xuexiruanjian\HTML5\anzhuang\htdocs\topstudent\Application\Runtime\Cache\Admin\3ebf6d507a766d02ed4c2f4ae2cd0d4c.php 第 111 行.
INFO: Run Behavior\ParseTemplateBehavior [ RunTime:0.025137s ]
INFO: [ view_parse ] --END-- [ RunTime:0.025255s ]
INFO: [ view_filter ] --START--
INFO: Run Behavior\WriteHtmlCacheBehavior [ RunTime:0.000679s ]
INFO: [ view_filter ] --END-- [ RunTime:0.000777s ]
INFO: [ app_end ] --START--
INFO: Run Behavior\ShowPageTraceBehavior [ RunTime:0.001372s ]
INFO: [ app_end ] --END-- [ RunTime:0.001503s ]

[ 2016-12-12T15:26:24+08:00 ] 127.0.0.1 /topstudent/index.php/Admin/questions/index
INFO: [ app_init ] --START--
INFO: Run Behavior\BuildLiteBehavior [ RunTime:0.000032s ]
INFO: [ app_init ] --END-- [ RunTime:0.001185s ]
INFO: [ app_begin ] --START--
INFO: Run Behavior\ReadHtmlCacheBehavior [ RunTime:0.001709s ]
INFO: [ app_begin ] --END-- [ RunTime:0.001854s ]
SQL: SHOW COLUMNS FROM `question` [ RunTime:0.0179s ]
SQL: SELECT COUNT(*) AS tp_count FROM `question` LIMIT 1   [ RunTime:0.0011s ]
SQL: SELECT * FROM `question` ORDER BY que_id LIMIT 0,4   [ RunTime:0.0022s ]
INFO: [ view_parse ] --START--
INFO: [ template_filter ] --START--
INFO: Run Behavior\ContentReplaceBehavior [ RunTime:0.000158s ]
INFO: [ template_filter ] --END-- [ RunTime:0.000287s ]
NOTIC: [8] Undefined index: adm_username E:\xuexiruanjian\HTML5\anzhuang\htdocs\topstudent\Application\Runtime\Cache\Admin\bd352ece0adfd9d39d9d75cb4446efee.php 第 18 行.
INFO: Run Behavior\ParseTemplateBehavior [ RunTime:0.024738s ]
INFO: [ view_parse ] --END-- [ RunTime:0.024940s ]
INFO: [ view_filter ] --START--
INFO: Run Behavior\WriteHtmlCacheBehavior [ RunTime:0.000675s ]
INFO: [ view_filter ] --END-- [ RunTime:0.000779s ]
INFO: [ app_end ] --START--
INFO: Run Behavior\ShowPageTraceBehavior [ RunTime:0.001275s ]
INFO: [ app_end ] --END-- [ RunTime:0.001414s ]

